This is pdfTeX, Version 3.141592653-2.6-1.40.26 (TeX Live 2024) (preloaded format=pdflatex 2024.12.29)  6 APR 2025 16:03
entering extended mode
 restricted \write18 enabled.
 file:line:error style messages enabled.
 %&-line parsing enabled.
**chapter_Wang.tex
(./chapter_Wang.tex
LaTeX2e <2024-11-01> patch level 1
L3 programming layer <2024-12-09>
(/usr/local/texlive/2024/texmf-dist/tex/latex/standalone/standalone.cls
Document Class: standalone 2022/10/10 v1.3b Class to compile TeX sub-files standalone
(/usr/local/texlive/2024/texmf-dist/tex/latex/tools/shellesc.sty
Package: shellesc 2023/07/08 v1.0d unified shell escape interface for LaTeX
Package shellesc Info: Restricted shell escape enabled on input line 77.
) (/usr/local/texlive/2024/texmf-dist/tex/generic/iftex/ifluatex.sty
Package: ifluatex 2019/10/25 v1.5 ifluatex legacy package. Use iftex instead.
 (/usr/local/texlive/2024/texmf-dist/tex/generic/iftex/iftex.sty
Package: iftex 2024/12/12 v1.0g TeX engine tests
)) (/usr/local/texlive/2024/texmf-dist/tex/latex/xkeyval/xkeyval.sty
Package: xkeyval 2022/06/16 v2.9 package option processing (HA)
 (/usr/local/texlive/2024/texmf-dist/tex/generic/xkeyval/xkeyval.tex (/usr/local/texlive/2024/texmf-dist/tex/generic/xkeyval/xkvutils.tex
\XKV@toks=\toks17
\XKV@tempa@toks=\toks18
 (/usr/local/texlive/2024/texmf-dist/tex/generic/xkeyval/keyval.tex))
\XKV@depth=\count196
File: xkeyval.tex 2014/12/03 v2.7a key=value parser (HA)
))
\sa@internal=\count197
\c@sapage=\count198
 (/usr/local/texlive/2024/texmf-dist/tex/latex/standalone/standalone.cfg
File: standalone.cfg 2022/10/10 v1.3b Default configuration file for 'standalone' class
) (/usr/local/texlive/2024/texmf-dist/tex/latex/base/article.cls
Document Class: article 2024/06/29 v1.4n Standard LaTeX document class
(/usr/local/texlive/2024/texmf-dist/tex/latex/base/size12.clo
File: size12.clo 2024/06/29 v1.4n Standard LaTeX file (size option)
)
\c@part=\count199
\c@section=\count266
\c@subsection=\count267
\c@subsubsection=\count268
\c@paragraph=\count269
\c@subparagraph=\count270
\c@figure=\count271
\c@table=\count272
\abovecaptionskip=\skip49
\belowcaptionskip=\skip50
\bibindent=\dimen141
)) (./preamble_Wang.tex (/usr/local/texlive/2024/texmf-dist/tex/latex/standalone/standalone.sty
Package: standalone 2022/10/10 v1.3b Package to include TeX sub-files with preambles
 (/usr/local/texlive/2024/texmf-dist/tex/latex/currfile/currfile.sty
Package: currfile 2024/03/14 v1.0 Provides the file path elements of the current input file
 (/usr/local/texlive/2024/texmf-dist/tex/latex/kvoptions/kvoptions.sty
Package: kvoptions 2022-06-15 v3.15 Key value format for package options (HO)
 (/usr/local/texlive/2024/texmf-dist/tex/generic/ltxcmds/ltxcmds.sty
Package: ltxcmds 2023-12-04 v1.26 LaTeX kernel commands for general use (HO)
) (/usr/local/texlive/2024/texmf-dist/tex/latex/kvsetkeys/kvsetkeys.sty
Package: kvsetkeys 2022-10-05 v1.19 Key value parser (HO)
)) (/usr/local/texlive/2024/texmf-dist/tex/latex/filehook/filehook.sty
Package: filehook 2022/10/25 v0.8b Hooks for input files
 (/usr/local/texlive/2024/texmf-dist/tex/latex/filehook/filehook-2020.sty
Package: filehook-2020 2022/10/25 v0.8b Hooks for input files
))
\c@currfiledepth=\count273
) (/usr/local/texlive/2024/texmf-dist/tex/latex/gincltex/gincltex.sty (/usr/local/texlive/2024/texmf-dist/tex/latex/svn-prov/svn-prov.sty
Package: svn-prov 2010/04/24 v3.1862 Package Date/Version from SVN Keywords
)
Package: gincltex 2011/09/04 v0.3 Include external LaTeX files like graphics
 (/usr/local/texlive/2024/texmf-dist/tex/latex/adjustbox/adjustbox.sty
Package: adjustbox 2022/10/17 v1.3a Adjusting TeX boxes (trim, clip, ...)
 (/usr/local/texlive/2024/texmf-dist/tex/latex/adjustbox/adjcalc.sty
Package: adjcalc 2012/05/16 v1.1 Provides advanced setlength with multiple back-ends (calc, etex, pgfmath)
) (/usr/local/texlive/2024/texmf-dist/tex/latex/adjustbox/trimclip.sty
Package: trimclip 2020/08/19 v1.2 Trim and clip general TeX material
 (/usr/local/texlive/2024/texmf-dist/tex/latex/graphics/graphicx.sty
Package: graphicx 2021/09/16 v1.2d Enhanced LaTeX Graphics (DPC,SPQR)
 (/usr/local/texlive/2024/texmf-dist/tex/latex/graphics/graphics.sty
Package: graphics 2024/08/06 v1.4g Standard LaTeX Graphics (DPC,SPQR)
 (/usr/local/texlive/2024/texmf-dist/tex/latex/graphics/trig.sty
Package: trig 2023/12/02 v1.11 sin cos tan (DPC)
) (/usr/local/texlive/2024/texmf-dist/tex/latex/graphics-cfg/graphics.cfg
File: graphics.cfg 2016/06/04 v1.11 sample graphics configuration
)
Package graphics Info: Driver file: pdftex.def on input line 106.
 (/usr/local/texlive/2024/texmf-dist/tex/latex/graphics-def/pdftex.def
File: pdftex.def 2024/04/13 v1.2c Graphics/color driver for pdftex
))
\Gin@req@height=\dimen142
\Gin@req@width=\dimen143
) (/usr/local/texlive/2024/texmf-dist/tex/latex/collectbox/collectbox.sty
Package: collectbox 2022/10/17 v0.4c Collect macro arguments as boxes
\collectedbox=\box52
)
\tc@llx=\dimen144
\tc@lly=\dimen145
\tc@urx=\dimen146
\tc@ury=\dimen147
Package trimclip Info: Using driver 'tc-pdftex.def'.
 (/usr/local/texlive/2024/texmf-dist/tex/latex/adjustbox/tc-pdftex.def
File: tc-pdftex.def 2019/01/04 v2.2 Clipping driver for pdftex
))
\adjbox@Width=\dimen148
\adjbox@Height=\dimen149
\adjbox@Depth=\dimen150
\adjbox@Totalheight=\dimen151
\adjbox@pwidth=\dimen152
\adjbox@pheight=\dimen153
\adjbox@pdepth=\dimen154
\adjbox@ptotalheight=\dimen155
 (/usr/local/texlive/2024/texmf-dist/tex/latex/ifoddpage/ifoddpage.sty
Package: ifoddpage 2022/10/18 v1.2 Conditionals for odd/even page detection
\c@checkoddpage=\count274
) (/usr/local/texlive/2024/texmf-dist/tex/latex/varwidth/varwidth.sty
Package: varwidth 2009/03/30 ver 0.92;  Variable-width minipages
\@vwid@box=\box53
\sift@deathcycles=\count275
\@vwid@loff=\dimen156
\@vwid@roff=\dimen157
))
\gincltex@box=\box54
) (/usr/local/texlive/2024/texmf-dist/tex/latex/filemod/filemod-expmin.sty
Package: filemod-expmin 2011/09/19 v1.2 Get and compare file modification times (expandable; minimal)
)) (/usr/local/texlive/2024/texmf-dist/tex/latex/base/inputenc.sty
Package: inputenc 2024/02/08 v1.3d Input encoding file
\inpenc@prehook=\toks19
\inpenc@posthook=\toks20
) (/usr/local/texlive/2024/texmf-dist/tex/latex/base/fontenc.sty
Package: fontenc 2021/04/29 v2.0v Standard LaTeX package
) (/usr/local/texlive/2024/texmf-dist/tex/latex/base/textcomp.sty
Package: textcomp 2024/04/24 v2.1b Standard LaTeX package
) (/usr/local/texlive/2024/texmf-dist/tex/latex/url/url.sty
\Urlmuskip=\muskip17
Package: url 2013/09/16  ver 3.4  Verb mode for urls, etc.
) (/usr/local/texlive/2024/texmf-dist/tex/latex/float/float.sty
Package: float 2001/11/08 v1.3d Float enhancements (AL)
\c@float@type=\count276
\float@exts=\toks21
\float@box=\box55
\@float@everytoks=\toks22
\@floatcapt=\box56
)
(/usr/local/texlive/2024/texmf-dist/tex/latex/enumitem/enumitem.sty
Package: enumitem 2019/06/20 v3.9 Customized lists
\enitkv@toks@=\toks23
\labelindent=\skip51
\enit@outerparindent=\dimen158
\enit@toks=\toks24
\enit@inbox=\box57
\enit@count@id=\count277
\enitdp@description=\count278
) (/usr/local/texlive/2024/texmf-dist/tex/latex/lm/lmodern.sty
Package: lmodern 2015/05/01 v1.6.1 Latin Modern Fonts
LaTeX Font Info:    Overwriting symbol font `operators' in version `normal'
(Font)                  OT1/cmr/m/n --> OT1/lmr/m/n on input line 22.
LaTeX Font Info:    Overwriting symbol font `letters' in version `normal'
(Font)                  OML/cmm/m/it --> OML/lmm/m/it on input line 23.
LaTeX Font Info:    Overwriting symbol font `symbols' in version `normal'
(Font)                  OMS/cmsy/m/n --> OMS/lmsy/m/n on input line 24.
LaTeX Font Info:    Overwriting symbol font `largesymbols' in version `normal'
(Font)                  OMX/cmex/m/n --> OMX/lmex/m/n on input line 25.
LaTeX Font Info:    Overwriting symbol font `operators' in version `bold'
(Font)                  OT1/cmr/bx/n --> OT1/lmr/bx/n on input line 26.
LaTeX Font Info:    Overwriting symbol font `letters' in version `bold'
(Font)                  OML/cmm/b/it --> OML/lmm/b/it on input line 27.
LaTeX Font Info:    Overwriting symbol font `symbols' in version `bold'
(Font)                  OMS/cmsy/b/n --> OMS/lmsy/b/n on input line 28.
LaTeX Font Info:    Overwriting symbol font `largesymbols' in version `bold'
(Font)                  OMX/cmex/m/n --> OMX/lmex/m/n on input line 29.
LaTeX Font Info:    Overwriting math alphabet `\mathbf' in version `normal'
(Font)                  OT1/cmr/bx/n --> OT1/lmr/bx/n on input line 31.
LaTeX Font Info:    Overwriting math alphabet `\mathsf' in version `normal'
(Font)                  OT1/cmss/m/n --> OT1/lmss/m/n on input line 32.
LaTeX Font Info:    Overwriting math alphabet `\mathit' in version `normal'
(Font)                  OT1/cmr/m/it --> OT1/lmr/m/it on input line 33.
LaTeX Font Info:    Overwriting math alphabet `\mathtt' in version `normal'
(Font)                  OT1/cmtt/m/n --> OT1/lmtt/m/n on input line 34.
LaTeX Font Info:    Overwriting math alphabet `\mathbf' in version `bold'
(Font)                  OT1/cmr/bx/n --> OT1/lmr/bx/n on input line 35.
LaTeX Font Info:    Overwriting math alphabet `\mathsf' in version `bold'
(Font)                  OT1/cmss/bx/n --> OT1/lmss/bx/n on input line 36.
LaTeX Font Info:    Overwriting math alphabet `\mathit' in version `bold'
(Font)                  OT1/cmr/bx/it --> OT1/lmr/bx/it on input line 37.
LaTeX Font Info:    Overwriting math alphabet `\mathtt' in version `bold'
(Font)                  OT1/cmtt/m/n --> OT1/lmtt/m/n on input line 38.
) (/usr/local/texlive/2024/texmf-dist/tex/latex/comment/comment.sty
\CommentStream=\write3
 Excluding comment 'comment') (/usr/local/texlive/2024/texmf-dist/tex/latex/hyperref/hyperref.sty
Package: hyperref 2024-11-05 v7.01l Hypertext links for LaTeX
 (/usr/local/texlive/2024/texmf-dist/tex/generic/kvdefinekeys/kvdefinekeys.sty
Package: kvdefinekeys 2019-12-19 v1.6 Define keys (HO)
) (/usr/local/texlive/2024/texmf-dist/tex/generic/pdfescape/pdfescape.sty
Package: pdfescape 2019/12/09 v1.15 Implements pdfTeX's escape features (HO)
 (/usr/local/texlive/2024/texmf-dist/tex/generic/pdftexcmds/pdftexcmds.sty
Package: pdftexcmds 2020-06-27 v0.33 Utility functions of pdfTeX for LuaTeX (HO)
 (/usr/local/texlive/2024/texmf-dist/tex/generic/infwarerr/infwarerr.sty
Package: infwarerr 2019/12/03 v1.5 Providing info/warning/error messages (HO)
)
Package pdftexcmds Info: \pdf@primitive is available.
Package pdftexcmds Info: \pdf@ifprimitive is available.
Package pdftexcmds Info: \pdfdraftmode found.
)) (/usr/local/texlive/2024/texmf-dist/tex/latex/hycolor/hycolor.sty
Package: hycolor 2020-01-27 v1.10 Color options for hyperref/bookmark (HO)
) (/usr/local/texlive/2024/texmf-dist/tex/latex/hyperref/nameref.sty
Package: nameref 2023-11-26 v2.56 Cross-referencing by name of section
 (/usr/local/texlive/2024/texmf-dist/tex/latex/refcount/refcount.sty
Package: refcount 2019/12/15 v3.6 Data extraction from label references (HO)
) (/usr/local/texlive/2024/texmf-dist/tex/generic/gettitlestring/gettitlestring.sty
Package: gettitlestring 2019/12/15 v1.6 Cleanup title references (HO)
)
\c@section@level=\count279
) (/usr/local/texlive/2024/texmf-dist/tex/latex/etoolbox/etoolbox.sty
Package: etoolbox 2020/10/05 v2.5k e-TeX tools for LaTeX (JAW)
\etb@tempcnta=\count280
) (/usr/local/texlive/2024/texmf-dist/tex/generic/stringenc/stringenc.sty
Package: stringenc 2019/11/29 v1.12 Convert strings between diff. encodings (HO)
)
\@linkdim=\dimen159
\Hy@linkcounter=\count281
\Hy@pagecounter=\count282
 (/usr/local/texlive/2024/texmf-dist/tex/latex/hyperref/pd1enc.def
File: pd1enc.def 2024-11-05 v7.01l Hyperref: PDFDocEncoding definition (HO)
Now handling font encoding PD1 ...
... no UTF-8 mapping file for font encoding PD1
) (/usr/local/texlive/2024/texmf-dist/tex/generic/intcalc/intcalc.sty
Package: intcalc 2019/12/15 v1.3 Expandable calculations with integers (HO)
)
\Hy@SavedSpaceFactor=\count283
 (/usr/local/texlive/2024/texmf-dist/tex/latex/hyperref/puenc.def
File: puenc.def 2024-11-05 v7.01l Hyperref: PDF Unicode definition (HO)
Now handling font encoding PU ...
... no UTF-8 mapping file for font encoding PU
)
Package hyperref Info: Hyper figures OFF on input line 4157.
Package hyperref Info: Link nesting OFF on input line 4162.
Package hyperref Info: Hyper index ON on input line 4165.
Package hyperref Info: Plain pages OFF on input line 4172.
Package hyperref Info: Backreferencing OFF on input line 4177.
Package hyperref Info: Implicit mode ON; LaTeX internals redefined.
Package hyperref Info: Bookmarks ON on input line 4424.
\c@Hy@tempcnt=\count284
LaTeX Info: Redefining \url on input line 4763.
\XeTeXLinkMargin=\dimen160
 (/usr/local/texlive/2024/texmf-dist/tex/generic/bitset/bitset.sty
Package: bitset 2019/12/09 v1.3 Handle bit-vector datatype (HO)
 (/usr/local/texlive/2024/texmf-dist/tex/generic/bigintcalc/bigintcalc.sty
Package: bigintcalc 2019/12/15 v1.5 Expandable calculations on big integers (HO)
))
\Fld@menulength=\count285
\Field@Width=\dimen161
\Fld@charsize=\dimen162
Package hyperref Info: Hyper figures OFF on input line 6042.
Package hyperref Info: Link nesting OFF on input line 6047.
Package hyperref Info: Hyper index ON on input line 6050.
Package hyperref Info: backreferencing OFF on input line 6057.
Package hyperref Info: Link coloring OFF on input line 6062.
Package hyperref Info: Link coloring with OCG OFF on input line 6067.
Package hyperref Info: PDF/A mode OFF on input line 6072.
 (/usr/local/texlive/2024/texmf-dist/tex/latex/base/atbegshi-ltx.sty
Package: atbegshi-ltx 2021/01/10 v1.0c Emulation of the original atbegshi
package with kernel methods
)
\Hy@abspage=\count286
\c@Item=\count287
\c@Hfootnote=\count288
)
Package hyperref Info: Driver (autodetected): hpdftex.
 (/usr/local/texlive/2024/texmf-dist/tex/latex/hyperref/hpdftex.def
File: hpdftex.def 2024-11-05 v7.01l Hyperref driver for pdfTeX
 (/usr/local/texlive/2024/texmf-dist/tex/latex/base/atveryend-ltx.sty
Package: atveryend-ltx 2020/08/19 v1.0a Emulation of the original atveryend package
with kernel methods
)
\Fld@listcount=\count289
\c@bookmark@seq@number=\count290
 (/usr/local/texlive/2024/texmf-dist/tex/latex/rerunfilecheck/rerunfilecheck.sty
Package: rerunfilecheck 2022-07-10 v1.10 Rerun checks for auxiliary files (HO)
 (/usr/local/texlive/2024/texmf-dist/tex/generic/uniquecounter/uniquecounter.sty
Package: uniquecounter 2019/12/15 v1.4 Provide unlimited unique counter (HO)
)
Package uniquecounter Info: New unique counter `rerunfilecheck' on input line 285.
)
\Hy@SectionHShift=\skip52
) (/usr/local/texlive/2024/texmf-dist/tex/latex/xcolor/xcolor.sty
Package: xcolor 2024/09/29 v3.02 LaTeX color extensions (UK)
 (/usr/local/texlive/2024/texmf-dist/tex/latex/graphics-cfg/color.cfg
File: color.cfg 2016/01/02 v1.6 sample color configuration
)

Package xcolor Warning: Package option `usenames' is obsolete and ignored on input line 265.

Package xcolor Info: Driver file: pdftex.def on input line 274.
(/usr/local/texlive/2024/texmf-dist/tex/latex/graphics/mathcolor.ltx)
Package xcolor Info: Model `cmy' substituted by `cmy0' on input line 1349.
Package xcolor Info: Model `hsb' substituted by `rgb' on input line 1353.
Package xcolor Info: Model `RGB' extended on input line 1365.
Package xcolor Info: Model `HTML' substituted by `rgb' on input line 1367.
Package xcolor Info: Model `Hsb' substituted by `hsb' on input line 1368.
Package xcolor Info: Model `tHsb' substituted by `hsb' on input line 1369.
Package xcolor Info: Model `HSB' substituted by `hsb' on input line 1370.
Package xcolor Info: Model `Gray' substituted by `gray' on input line 1371.
Package xcolor Info: Model `wave' substituted by `hsb' on input line 1372.
) (/usr/local/texlive/2024/texmf-dist/tex/latex/xcolor/svgnam.def
File: svgnam.def 2024/09/29 v3.02 Predefined colors according to SVG 1.1 (UK)
) (/usr/local/texlive/2024/texmf-dist/tex/latex/graphics/dvipsnam.def
File: dvipsnam.def 2016/06/17 v3.0m Driver-dependent file (DPC,SPQR)
) (/usr/local/texlive/2024/texmf-dist/tex/latex/geometry/geometry.sty
Package: geometry 2020/01/02 v5.9 Page Geometry
 (/usr/local/texlive/2024/texmf-dist/tex/generic/iftex/ifvtex.sty
Package: ifvtex 2019/10/25 v1.7 ifvtex legacy package. Use iftex instead.
)
\Gm@cnth=\count291
\Gm@cntv=\count292
\c@Gm@tempcnt=\count293
\Gm@bindingoffset=\dimen163
\Gm@wd@mp=\dimen164
\Gm@odd@mp=\dimen165
\Gm@even@mp=\dimen166
\Gm@layoutwidth=\dimen167
\Gm@layoutheight=\dimen168
\Gm@layouthoffset=\dimen169
\Gm@layoutvoffset=\dimen170
\Gm@dimlist=\toks25
) (/usr/local/texlive/2024/texmf-dist/tex/latex/pdfpages/pdfpages.sty
Package: pdfpages 2024/10/28 v0.6c Insert pages of external PDF documents (AM)
 (/usr/local/texlive/2024/texmf-dist/tex/latex/base/ifthen.sty
Package: ifthen 2024/03/16 v1.1e Standard LaTeX ifthen package (DPC)
) (/usr/local/texlive/2024/texmf-dist/tex/latex/tools/calc.sty
Package: calc 2023/07/08 v4.3 Infix arithmetic (KKT,FJ)
\calc@Acount=\count294
\calc@Bcount=\count295
\calc@Adimen=\dimen171
\calc@Bdimen=\dimen172
\calc@Askip=\skip53
\calc@Bskip=\skip54
LaTeX Info: Redefining \setlength on input line 80.
LaTeX Info: Redefining \addtolength on input line 81.
\calc@Ccount=\count296
\calc@Cskip=\skip55
) (/usr/local/texlive/2024/texmf-dist/tex/latex/eso-pic/eso-pic.sty
Package: eso-pic 2023/05/03 v3.0c eso-pic (RN)
\ESO@tempdima=\dimen173
\ESO@tempdimb=\dimen174
)
\AM@pagewidth=\dimen175
\AM@pageheight=\dimen176
\AM@fboxrule=\dimen177
 (/usr/local/texlive/2024/texmf-dist/tex/latex/pdfpages/pppdftex.def
File: pppdftex.def 2024/10/28 v0.6c Pdfpages driver for pdfTeX (AM)
)
\pdfpages@includegraphics@status=\count297
\AM@pagebox=\box58
\AM@global@opts=\toks26
\AM@pagecnt=\count298
\AM@toc@title=\toks27
\AM@lof@heading=\toks28
\c@AM@survey=\count299
\AM@templatesizebox=\box59
) (/usr/local/texlive/2024/texmf-dist/tex/latex/parskip/parskip.sty
Package: parskip 2021-03-14 v2.0h non-zero parskip adjustments
) (/usr/local/texlive/2024/texmf-dist/tex/latex/emptypage/emptypage.sty
Package: emptypage 2010/05/30 v1.2 Suppress page numbers and headings on empty pages
) (/usr/local/texlive/2024/texmf-dist/tex/latex/caption/subcaption.sty
Package: subcaption 2023/07/28 v1.6b Sub-captions (AR)
 (/usr/local/texlive/2024/texmf-dist/tex/latex/caption/caption.sty
Package: caption 2023/08/05 v3.6o Customizing captions (AR)
 (/usr/local/texlive/2024/texmf-dist/tex/latex/caption/caption3.sty
Package: caption3 2023/07/31 v2.4d caption3 kernel (AR)
\caption@tempdima=\dimen178
\captionmargin=\dimen179
\caption@leftmargin=\dimen180
\caption@rightmargin=\dimen181
\caption@width=\dimen182
\caption@indent=\dimen183
\caption@parindent=\dimen184
\caption@hangindent=\dimen185
Package caption Info: Standard document class detected.
)
\c@caption@flags=\count300
\c@continuedfloat=\count301
Package caption Info: float package is loaded.
Package caption Info: hyperref package is loaded.
)
Package caption Info: New subtype `subfigure' on input line 238.
\c@subfigure=\count302
Package caption Info: New subtype `subtable' on input line 238.
\c@subtable=\count303
) (/usr/local/texlive/2024/texmf-dist/tex/latex/tools/multicol.sty
Package: multicol 2024/09/14 v1.9i multicolumn formatting (FMi)
\c@tracingmulticols=\count304
\mult@box=\box60
\multicol@leftmargin=\dimen186
\c@unbalance=\count305
\c@collectmore=\count306
\doublecol@number=\count307
\multicoltolerance=\count308
\multicolpretolerance=\count309
\full@width=\dimen187
\page@free=\dimen188
\premulticols=\dimen189
\postmulticols=\dimen190
\multicolsep=\skip56
\multicolbaselineskip=\skip57
\partial@page=\box61
\last@line=\box62
\mc@boxedresult=\box63
\maxbalancingoverflow=\dimen191
\mult@rightbox=\box64
\mult@grightbox=\box65
\mult@firstbox=\box66
\mult@gfirstbox=\box67
\@tempa=\box68
\@tempa=\box69
\@tempa=\box70
\@tempa=\box71
\@tempa=\box72
\@tempa=\box73
\@tempa=\box74
\@tempa=\box75
\@tempa=\box76
\@tempa=\box77
\@tempa=\box78
\@tempa=\box79
\@tempa=\box80
\@tempa=\box81
\@tempa=\box82
\@tempa=\box83
\@tempa=\box84
\@tempa=\box85
\@tempa=\box86
\@tempa=\box87
\@tempa=\box88
\@tempa=\box89
\@tempa=\box90
\@tempa=\box91
\@tempa=\box92
\@tempa=\box93
\@tempa=\box94
\@tempa=\box95
\@tempa=\box96
\@tempa=\box97
\@tempa=\box98
\@tempa=\box99
\@tempa=\box100
\@tempa=\box101
\@tempa=\box102
\@tempa=\box103
\c@minrows=\count310
\c@columnbadness=\count311
\c@finalcolumnbadness=\count312
\last@try=\dimen192
\multicolovershoot=\dimen193
\multicolundershoot=\dimen194
\mult@nat@firstbox=\box104
\colbreak@box=\box105
\mc@col@check@num=\count313
) (/usr/local/texlive/2024/texmf-dist/tex/latex/esvect/esvect.sty
Package: esvect 
\symesvector=\mathgroup4
LaTeX Font Info:    Redeclaring math symbol \fldr on input line 38.
) (/usr/local/texlive/2024/texmf-dist/tex/latex/amsmath/amsmath.sty
Package: amsmath 2024/11/05 v2.17t AMS math features
\@mathmargin=\skip58

For additional information on amsmath, use the `?' option.
(/usr/local/texlive/2024/texmf-dist/tex/latex/amsmath/amstext.sty
Package: amstext 2021/08/26 v2.01 AMS text
 (/usr/local/texlive/2024/texmf-dist/tex/latex/amsmath/amsgen.sty
File: amsgen.sty 1999/11/30 v2.0 generic functions
\@emptytoks=\toks29
\ex@=\dimen195
)) (/usr/local/texlive/2024/texmf-dist/tex/latex/amsmath/amsbsy.sty
Package: amsbsy 1999/11/29 v1.2d Bold Symbols
\pmbraise@=\dimen196
) (/usr/local/texlive/2024/texmf-dist/tex/latex/amsmath/amsopn.sty
Package: amsopn 2022/04/08 v2.04 operator names
)
\inf@bad=\count314
LaTeX Info: Redefining \frac on input line 233.
\uproot@=\count315
\leftroot@=\count316
LaTeX Info: Redefining \overline on input line 398.
LaTeX Info: Redefining \colon on input line 409.
\classnum@=\count317
\DOTSCASE@=\count318
LaTeX Info: Redefining \ldots on input line 495.
LaTeX Info: Redefining \dots on input line 498.
LaTeX Info: Redefining \cdots on input line 619.
\Mathstrutbox@=\box106
\strutbox@=\box107
LaTeX Info: Redefining \big on input line 721.
LaTeX Info: Redefining \Big on input line 722.
LaTeX Info: Redefining \bigg on input line 723.
LaTeX Info: Redefining \Bigg on input line 724.
\big@size=\dimen197
LaTeX Font Info:    Redeclaring font encoding OML on input line 742.
LaTeX Font Info:    Redeclaring font encoding OMS on input line 743.
\macc@depth=\count319
LaTeX Info: Redefining \bmod on input line 904.
LaTeX Info: Redefining \pmod on input line 909.
LaTeX Info: Redefining \smash on input line 939.
LaTeX Info: Redefining \relbar on input line 969.
LaTeX Info: Redefining \Relbar on input line 970.
\c@MaxMatrixCols=\count320
\dotsspace@=\muskip18
\c@parentequation=\count321
\dspbrk@lvl=\count322
\tag@help=\toks30
\row@=\count323
\column@=\count324
\maxfields@=\count325
\andhelp@=\toks31
\eqnshift@=\dimen198
\alignsep@=\dimen199
\tagshift@=\dimen256
\tagwidth@=\dimen257
\totwidth@=\dimen258
\lineht@=\dimen259
\@envbody=\toks32
\multlinegap=\skip59
\multlinetaggap=\skip60
\mathdisplay@stack=\toks33
LaTeX Info: Redefining \[ on input line 2953.
LaTeX Info: Redefining \] on input line 2954.
) (/usr/local/texlive/2024/texmf-dist/tex/latex/amsfonts/amsfonts.sty
Package: amsfonts 2013/01/14 v3.01 Basic AMSFonts support
\symAMSa=\mathgroup5
\symAMSb=\mathgroup6
LaTeX Font Info:    Redeclaring math symbol \hbar on input line 98.
LaTeX Font Info:    Overwriting math alphabet `\mathfrak' in version `bold'
(Font)                  U/euf/m/n --> U/euf/b/n on input line 106.
) (/usr/local/texlive/2024/texmf-dist/tex/latex/mathtools/mathtools.sty
Package: mathtools 2024/10/04 v1.31 mathematical typesetting tools
 (/usr/local/texlive/2024/texmf-dist/tex/latex/mathtools/mhsetup.sty
Package: mhsetup 2021/03/18 v1.4 programming setup (MH)
)
\g_MT_multlinerow_int=\count326
\l_MT_multwidth_dim=\dimen260
\origjot=\skip61
\l_MT_shortvdotswithinadjustabove_dim=\dimen261
\l_MT_shortvdotswithinadjustbelow_dim=\dimen262
\l_MT_above_intertext_sep=\dimen263
\l_MT_below_intertext_sep=\dimen264
\l_MT_above_shortintertext_sep=\dimen265
\l_MT_below_shortintertext_sep=\dimen266
\xmathstrut@box=\box108
\xmathstrut@dim=\dimen267
) (/usr/local/texlive/2024/texmf-dist/tex/latex/amscls/amsthm.sty
Package: amsthm 2020/05/29 v2.20.6
\thm@style=\toks34
\thm@bodyfont=\toks35
\thm@headfont=\toks36
\thm@notefont=\toks37
\thm@headpunct=\toks38
\thm@preskip=\skip62
\thm@postskip=\skip63
\thm@headsep=\skip64
\dth@everypar=\toks39
) (/usr/local/texlive/2024/texmf-dist/tex/latex/amsfonts/amssymb.sty
Package: amssymb 2013/01/14 v3.01 AMS font symbols
) (/usr/local/texlive/2024/texmf-dist/tex/latex/bbm-macros/bbm.sty
Package: bbm 1999/03/15 V 1.2 provides fonts for set symbols - TH
LaTeX Font Info:    Overwriting math alphabet `\mathbbm' in version `bold'
(Font)                  U/bbm/m/n --> U/bbm/bx/n on input line 33.
LaTeX Font Info:    Overwriting math alphabet `\mathbbmss' in version `bold'
(Font)                  U/bbmss/m/n --> U/bbmss/bx/n on input line 35.
) (/usr/local/texlive/2024/texmf-dist/tex/latex/stmaryrd/stmaryrd.sty
Package: stmaryrd 1994/03/03 St Mary's Road symbol package
\symstmry=\mathgroup7
LaTeX Font Info:    Overwriting symbol font `stmry' in version `bold'
(Font)                  U/stmry/m/n --> U/stmry/b/n on input line 89.
) (/usr/local/texlive/2024/texmf-dist/tex/latex/jknapltx/mathrsfs.sty
Package: mathrsfs 1996/01/01 Math RSFS package v1.0 (jk)
\symrsfs=\mathgroup8
) (/usr/local/texlive/2024/texmf-dist/tex/latex/cancel/cancel.sty
Package: cancel 2013/04/12 v2.2 Cancel math terms
) (/usr/local/texlive/2024/texmf-dist/tex/latex/tools/bm.sty
Package: bm 2023/12/19 v1.2f Bold Symbol Support (DPC/FMi)
\symboldoperators=\mathgroup9
\symboldletters=\mathgroup10
\symboldsymbols=\mathgroup11
Package bm Info: No bold for \OMX/lmex/m/n, using \pmb.
Package bm Info: No bold for \U/esvect/m/n, using \pmb.
Package bm Info: No bold for \U/msa/m/n, using \pmb.
Package bm Info: No bold for \U/msb/m/n, using \pmb.
\symboldstmry=\mathgroup12
Package bm Info: No bold for \U/rsfs/m/n, using \pmb.
LaTeX Font Info:    Redeclaring math alphabet \mathbf on input line 149.
)
LaTeX Info: Redefining \atan2 on input line 93.
 (/usr/local/texlive/2024/texmf-dist/tex/latex/scalerel/scalerel.sty
Package: scalerel 2016/12/29 v1.8 Routines for constrained scaling and stretching of objects, relative to a reference object or in absolute terms
\thesrwidth=\skip65
\thesrheight=\skip66
\srblobheight=\skip67
\srblobdepth=\skip68
\mnxsrwidth=\skip69
\LMex=\skip70
\LMpt=\skip71
) (/usr/local/texlive/2024/texmf-dist/tex/latex/stackengine/stackengine.sty
Package: stackengine 2021/07/22 v4.11\ Stacking text and objects in convenient ways
 (/usr/local/texlive/2024/texmf-dist/tex/generic/listofitems/listofitems.sty (/usr/local/texlive/2024/texmf-dist/tex/generic/listofitems/listofitems.tex
\loi_cnt_foreach_nest=\count327
\loi_nestcnt=\count328
)
Package: listofitems 2024/03/09 v1.65 Grab items in lists using user-specified sep char (CT)
)
\c@@stackindex=\count329
\@boxshift=\skip72
\stack@tmplength=\skip73
\temp@stkl=\skip74
\@stackedboxwidth=\skip75
\@addedbox=\box109
\@anchorbox=\box110
\@insetbox=\box111
\se@backgroundbox=\box112
\stackedbox=\box113
\@centerbox=\box114
\c@ROWcellindex@=\count330
) (/usr/local/texlive/2024/texmf-dist/tex/latex/siunitx/siunitx.sty
Package: siunitx 2024-12-06 v3.4.0 A comprehensive (SI) units package
\l__siunitx_number_uncert_offset_int=\count331
\l__siunitx_number_exponent_fixed_int=\count332
\l__siunitx_number_min_decimal_int=\count333
\l__siunitx_number_min_integer_int=\count334
\l__siunitx_number_round_precision_int=\count335
\l__siunitx_number_lower_threshold_int=\count336
\l__siunitx_number_upper_threshold_int=\count337
\l__siunitx_number_group_first_int=\count338
\l__siunitx_number_group_size_int=\count339
\l__siunitx_number_group_minimum_int=\count340
\l__siunitx_angle_tmp_dim=\dimen268
\l__siunitx_angle_marker_box=\box115
\l__siunitx_angle_unit_box=\box116
\l__siunitx_compound_count_int=\count341
 (/usr/local/texlive/2024/texmf-dist/tex/latex/translations/translations.sty
Package: translations 2022/02/05 v1.12 internationalization of LaTeX2e packages (CN)
)
\l__siunitx_table_tmp_box=\box117
\l__siunitx_table_tmp_dim=\dimen269
\l__siunitx_table_column_width_dim=\dimen270
\l__siunitx_table_integer_box=\box118
\l__siunitx_table_decimal_box=\box119
\l__siunitx_table_uncert_box=\box120
\l__siunitx_table_before_box=\box121
\l__siunitx_table_after_box=\box122
\l__siunitx_table_before_dim=\dimen271
\l__siunitx_table_carry_dim=\dimen272
\l__siunitx_unit_tmp_int=\count342
\l__siunitx_unit_position_int=\count343
\l__siunitx_unit_total_int=\count344
 (/usr/local/texlive/2024/texmf-dist/tex/latex/tools/array.sty
Package: array 2024/10/17 v2.6g Tabular extension package (FMi)
\col@sep=\dimen273
\ar@mcellbox=\box123
\extrarowheight=\dimen274
\NC@list=\toks40
\extratabsurround=\skip76
\backup@length=\skip77
\ar@cellbox=\box124
)) (/usr/local/texlive/2024/texmf-dist/tex/latex/epstopdf-pkg/epstopdf.sty
Package: epstopdf 2020-01-24 v2.11 Conversion with epstopdf on the fly (HO)
 (/usr/local/texlive/2024/texmf-dist/tex/latex/grfext/grfext.sty
Package: grfext 2019/12/03 v1.3 Manage graphics extensions (HO)
) (/usr/local/texlive/2024/texmf-dist/tex/latex/epstopdf-pkg/epstopdf-base.sty
Package: epstopdf-base 2020-01-24 v2.11 Base part for package epstopdf
Package epstopdf-base Info: Redefining graphics rule for `.eps' on input line 485.
Package grfext Info: Graphics extension search list:
(grfext)             [.pdf,.png,.jpg,.mps,.jpeg,.jbig2,.jb2,.PDF,.PNG,.JPG,.JPEG,.JBIG2,.JB2,.eps]
(grfext)             \AppendGraphicsExtensions on input line 504.
 (/usr/local/texlive/2024/texmf-dist/tex/latex/latexconfig/epstopdf-sys.cfg
File: epstopdf-sys.cfg 2010/07/13 v1.3 Configuration of (r)epstopdf for TeX Live
)))
Package hyperref Info: Option `colorlinks' set `true' on input line 173.
Package hyperref Info: Option `colorlinks' set `true' on input line 180.
 (/usr/local/texlive/2024/texmf-dist/tex/latex/cleveref/cleveref.sty
Package: cleveref 2018/03/27 v0.21.4 Intelligent cross-referencing
Package cleveref Info: `hyperref' support loaded on input line 2370.
LaTeX Info: Redefining \cref on input line 2370.
LaTeX Info: Redefining \Cref on input line 2370.
LaTeX Info: Redefining \crefrange on input line 2370.
LaTeX Info: Redefining \Crefrange on input line 2370.
LaTeX Info: Redefining \cpageref on input line 2370.
LaTeX Info: Redefining \Cpageref on input line 2370.
LaTeX Info: Redefining \cpagerefrange on input line 2370.
LaTeX Info: Redefining \Cpagerefrange on input line 2370.
LaTeX Info: Redefining \labelcref on input line 2370.
LaTeX Info: Redefining \labelcpageref on input line 2370.
Package cleveref Info: `amsthm' support loaded on input line 3026.
Package cleveref Info: always capitalise cross-reference names on input line 7830.
Package cleveref Info: include cross-reference names in hyperlinks on input line 7836.
Package cleveref Info: always capitalise cross-reference names on input line 7852.
Package cleveref Info: include cross-reference names in hyperlinks on input line 7852.
)) (./preamble.tex
\c@theorem=\count345


./preamble.tex:120: LaTeX Error: No counter 'chapter' defined.

See the LaTeX manual or LaTeX Companion for explanation.
Type  H <return>  for immediate help.
 ...                                              
                                                  
l.120 \newtheorem{theorem}{Theorem}[chapter]
                                            
Your command was ignored.
Type  I <command> <return>  to replace it with another command,
or  <return>  to continue without it.

\c@remark=\count346

./preamble.tex:127: LaTeX Error: No counter 'chapter' defined.

See the LaTeX manual or LaTeX Companion for explanation.
Type  H <return>  for immediate help.
 ...                                              
                                                  
l.127 \newtheorem{remark}{Remark}[chapter]
                                          
Your command was ignored.
Type  I <command> <return>  to replace it with another command,
or  <return>  to continue without it.

\c@exercise=\count347
)
Package translations Info: No language package found. I am going to use `english' as default language. on input line 4.
LaTeX Font Info:    Trying to load font information for T1+lmr on input line 4.
 (/usr/local/texlive/2024/texmf-dist/tex/latex/lm/t1lmr.fd
File: t1lmr.fd 2015/05/01 v1.6.1 Font defs for Latin Modern
) (/usr/local/texlive/2024/texmf-dist/tex/latex/l3backend/l3backend-pdftex.def
File: l3backend-pdftex.def 2024-05-08 L3 backend support: PDF output (pdfTeX)
\l__color_backend_stack_int=\count348
\l__pdf_internal_box=\box125
) (./chapter_Wang.aux)
\openout1 = `chapter_Wang.aux'.

LaTeX Font Info:    Checking defaults for OML/cmm/m/it on input line 4.
LaTeX Font Info:    ... okay on input line 4.
LaTeX Font Info:    Checking defaults for OMS/cmsy/m/n on input line 4.
LaTeX Font Info:    ... okay on input line 4.
LaTeX Font Info:    Checking defaults for OT1/cmr/m/n on input line 4.
LaTeX Font Info:    ... okay on input line 4.
LaTeX Font Info:    Checking defaults for T1/cmr/m/n on input line 4.
LaTeX Font Info:    ... okay on input line 4.
LaTeX Font Info:    Checking defaults for TS1/cmr/m/n on input line 4.
LaTeX Font Info:    ... okay on input line 4.
LaTeX Font Info:    Checking defaults for OMX/cmex/m/n on input line 4.
LaTeX Font Info:    ... okay on input line 4.
LaTeX Font Info:    Checking defaults for U/cmr/m/n on input line 4.
LaTeX Font Info:    ... okay on input line 4.
LaTeX Font Info:    Checking defaults for PD1/pdf/m/n on input line 4.
LaTeX Font Info:    ... okay on input line 4.
LaTeX Font Info:    Checking defaults for PU/pdf/m/n on input line 4.
LaTeX Font Info:    ... okay on input line 4.
 (/usr/local/texlive/2024/texmf-dist/tex/context/base/mkii/supp-pdf.mkii
[Loading MPS to PDF converter (version 2006.09.02).]
\scratchcounter=\count349
\scratchdimen=\dimen275
\scratchbox=\box126
\nofMPsegments=\count350
\nofMParguments=\count351
\everyMPshowfont=\toks41
\MPscratchCnt=\count352
\MPscratchDim=\dimen276
\MPnumerator=\count353
\makeMPintoPDFobject=\count354
\everyMPtoPDFconversion=\toks42
)
Package hyperref Info: Link coloring ON on input line 4.
 (./chapter_Wang.out) (./chapter_Wang.out)
\@outlinefile=\write4
\openout4 = `chapter_Wang.out'.


*geometry* driver: auto-detecting
*geometry* detected driver: pdftex
*geometry* verbose mode - [ preamble ] result:
* driver: pdftex
* paper: <default>
* layout: <same size as paper>
* layoutoffset:(h,v)=(0.0pt,0.0pt)
* modes: 
* h-part:(L,W,R)=(72.26999pt, 469.75502pt, 72.26999pt)
* v-part:(T,H,B)=(72.26999pt, 650.43001pt, 72.26999pt)
* \paperwidth=614.295pt
* \paperheight=794.96999pt
* \textwidth=469.75502pt
* \textheight=650.43001pt
* \oddsidemargin=0.0pt
* \evensidemargin=0.0pt
* \topmargin=-37.0pt
* \headheight=12.0pt
* \headsep=25.0pt
* \topskip=12.0pt
* \footskip=30.0pt
* \marginparwidth=44.0pt
* \marginparsep=10.0pt
* \columnsep=10.0pt
* \skip\footins=10.8pt plus 4.0pt minus 2.0pt
* \hoffset=0.0pt
* \voffset=0.0pt
* \mag=1000
* \@twocolumnfalse
* \@twosidefalse
* \@mparswitchfalse
* \@reversemarginfalse
* (1in=72.27pt=25.4mm, 1cm=28.453pt)

(/usr/local/texlive/2024/texmf-dist/tex/latex/pdflscape/pdflscape.sty
Package: pdflscape 2022-10-27 v0.13 Display of landscape pages in PDF
 (/usr/local/texlive/2024/texmf-dist/tex/latex/pdflscape/pdflscape-nometadata.sty
Package: pdflscape-nometadata 2022-10-28 v0.13 Display of landscape pages in PDF (HO)
 (/usr/local/texlive/2024/texmf-dist/tex/latex/graphics/lscape.sty
Package: lscape 2020/05/28 v3.02 Landscape Pages (DPC)
)
Package pdflscape Info: Auto-detected driver: pdftex on input line 81.
))
Couldn't patch \deferred@thm@head!
Package caption Info: Begin \AtBeginDocument code.
Package caption Info: End \AtBeginDocument code.
(/usr/local/texlive/2024/texmf-dist/tex/latex/translations/translations-basic-dictionary-english.trsl
File: translations-basic-dictionary-english.trsl (english translation file `translations-basic-dictionary')
)
Package translations Info: loading dictionary `translations-basic-dictionary' for `english'. on input line 4.
LaTeX Font Info:    Trying to load font information for OT1+lmr on input line 7.
 (/usr/local/texlive/2024/texmf-dist/tex/latex/lm/ot1lmr.fd
File: ot1lmr.fd 2015/05/01 v1.6.1 Font defs for Latin Modern
)
LaTeX Font Info:    Trying to load font information for OML+lmm on input line 7.
 (/usr/local/texlive/2024/texmf-dist/tex/latex/lm/omllmm.fd
File: omllmm.fd 2015/05/01 v1.6.1 Font defs for Latin Modern
)
LaTeX Font Info:    Trying to load font information for OMS+lmsy on input line 7.
 (/usr/local/texlive/2024/texmf-dist/tex/latex/lm/omslmsy.fd
File: omslmsy.fd 2015/05/01 v1.6.1 Font defs for Latin Modern
)
LaTeX Font Info:    Trying to load font information for OMX+lmex on input line 7.
 (/usr/local/texlive/2024/texmf-dist/tex/latex/lm/omxlmex.fd
File: omxlmex.fd 2015/05/01 v1.6.1 Font defs for Latin Modern
)
LaTeX Font Info:    External font `lmex10' loaded for size
(Font)              <12> on input line 7.
LaTeX Font Info:    External font `lmex10' loaded for size
(Font)              <8> on input line 7.
LaTeX Font Info:    External font `lmex10' loaded for size
(Font)              <6> on input line 7.
LaTeX Font Info:    Trying to load font information for U+esvect on input line 7.
 (/usr/local/texlive/2024/texmf-dist/tex/latex/esvect/uesvect.fd
File: uesvect.fd 
)
LaTeX Font Info:    Trying to load font information for U+msa on input line 7.
 (/usr/local/texlive/2024/texmf-dist/tex/latex/amsfonts/umsa.fd
File: umsa.fd 2013/01/14 v3.01 AMS symbols A
)
LaTeX Font Info:    Trying to load font information for U+msb on input line 7.
 (/usr/local/texlive/2024/texmf-dist/tex/latex/amsfonts/umsb.fd
File: umsb.fd 2013/01/14 v3.01 AMS symbols B
)
LaTeX Font Info:    Trying to load font information for U+stmry on input line 7.
 (/usr/local/texlive/2024/texmf-dist/tex/latex/stmaryrd/Ustmry.fd)
LaTeX Font Info:    Trying to load font information for U+rsfs on input line 7.
 (/usr/local/texlive/2024/texmf-dist/tex/latex/jknapltx/ursfs.fd
File: ursfs.fd 1998/03/24 rsfs font definition file (jk)
)

LaTeX Font Warning: Font shape `U/stmry/b/n' undefined
(Font)              using `U/stmry/m/n' instead on input line 7.

LaTeX Font Info:    Trying to load font information for TS1+lmr on input line 17.
(/usr/local/texlive/2024/texmf-dist/tex/latex/lm/ts1lmr.fd
File: ts1lmr.fd 2015/05/01 v1.6.1 Font defs for Latin Modern
)
LaTeX Font Info:    External font `lmex10' loaded for size
(Font)              <10> on input line 39.
LaTeX Font Info:    External font `lmex10' loaded for size
(Font)              <7> on input line 39.
LaTeX Font Info:    External font `lmex10' loaded for size
(Font)              <5> on input line 39.


[1

{/usr/local/texlive/2024/texmf-var/fonts/map/pdftex/updmap/pdftex.map}{/usr/local/texlive/2024/texmf-dist/fonts/enc/dvips/lm/lm-ec.enc}{/usr/local/texlive/2024/texmf-dist/fonts/enc/dvips/lm/lm-rm.enc}{/usr/local/texlive/2024/texmf-dist/fonts/enc/dvips/lm/lm-mathit.enc}{/usr/local/texlive/2024/texmf-dist/fonts/enc/dvips/lm/lm-mathex.enc}{/usr/local/texlive/2024/texmf-dist/fonts/enc/dvips/lm/lm-mathsy.enc}{/usr/local/texlive/2024/texmf-dist/fonts/enc/dvips/lm/lm-ts1.enc}]
LaTeX Font Info:    Trying to load font information for U+euf on input line 57.
 (/usr/local/texlive/2024/texmf-dist/tex/latex/amsfonts/ueuf.fd
File: ueuf.fd 2013/01/14 v3.01 Euler Fraktur
)
LaTeX Font Info:    Freeze math alphabet allocation in version normal.
(Font)              Allocated math groups: 14 (local: 2) on input line 57.
LaTeX Font Info:    Trying to load font information for OT1+lmss on input line 57.
 (/usr/local/texlive/2024/texmf-dist/tex/latex/lm/ot1lmss.fd
File: ot1lmss.fd 2015/05/01 v1.6.1 Font defs for Latin Modern
)
LaTeX Font Info:    Undo math alphabet allocation in version normal on input line 57.
LaTeX Font Info:    No math alphabet change to frozen version normal on input line 57.
LaTeX Font Info:    No math alphabet change to frozen version normal on input line 61.
LaTeX Font Info:    Undo math alphabet allocation in version normal on input line 61.
LaTeX Font Info:    No math alphabet change to frozen version normal on input line 61.
LaTeX Font Info:    No math alphabet change to frozen version normal on input line 61.
LaTeX Font Info:    Undo math alphabet allocation in version normal on input line 61.
LaTeX Font Info:    No math alphabet change to frozen version normal on input line 65.
LaTeX Font Info:    No math alphabet change to frozen version normal on input line 65.
LaTeX Font Info:    No math alphabet change to frozen version normal on input line 65.
LaTeX Font Info:    No math alphabet change to frozen version normal on input line 65.
LaTeX Font Info:    No math alphabet change to frozen version normal on input line 65.
LaTeX Font Info:    No math alphabet change to frozen version normal on input line 65.
LaTeX Font Info:    No math alphabet change to frozen version normal on input line 65.
LaTeX Font Info:    No math alphabet change to frozen version normal on input line 67.


LaTeX Warning: Citation `TODO' on page 2 undefined on input line 67.



[2]
LaTeX Font Info:    No math alphabet change to frozen version normal on input line 69.
LaTeX Font Info:    No math alphabet change to frozen version normal on input line 71.
LaTeX Font Info:    No math alphabet change to frozen version normal on input line 71.
LaTeX Font Info:    No math alphabet change to frozen version normal on input line 74.
LaTeX Font Info:    No math alphabet change to frozen version normal on input line 74.
LaTeX Font Info:    No math alphabet change to frozen version normal on input line 74.
LaTeX Font Info:    No math alphabet change to frozen version normal on input line 74.
LaTeX Font Info:    No math alphabet change to frozen version normal on input line 74.
LaTeX Font Info:    No math alphabet change to frozen version normal on input line 74.
LaTeX Font Info:    No math alphabet change to frozen version normal on input line 76.
LaTeX Font Info:    No math alphabet change to frozen version normal on input line 78.
LaTeX Font Info:    No math alphabet change to frozen version normal on input line 78.
LaTeX Font Info:    No math alphabet change to frozen version normal on input line 78.
LaTeX Font Info:    No math alphabet change to frozen version normal on input line 78.
LaTeX Font Info:    No math alphabet change to frozen version normal on input line 78.
LaTeX Font Info:    No math alphabet change to frozen version normal on input line 85.
LaTeX Font Info:    Undo math alphabet allocation in version normal on input line 85.
LaTeX Font Info:    No math alphabet change to frozen version normal on input line 85.
LaTeX Font Info:    Undo math alphabet allocation in version normal on input line 85.
LaTeX Font Info:    No math alphabet change to frozen version normal on input line 85.
LaTeX Font Info:    No math alphabet change to frozen version normal on input line 85.


LaTeX Warning: Citation `TODO' on page 3 undefined on input line 87.

LaTeX Font Info:    No math alphabet change to frozen version normal on input line 92.
LaTeX Font Info:    No math alphabet change to frozen version normal on input line 92.
LaTeX Font Info:    No math alphabet change to frozen version normal on input line 93.
LaTeX Font Info:    No math alphabet change to frozen version normal on input line 93.
LaTeX Font Info:    No math alphabet change to frozen version normal on input line 93.
LaTeX Font Info:    No math alphabet change to frozen version normal on input line 93.
LaTeX Font Info:    No math alphabet change to frozen version normal on input line 93.
LaTeX Font Info:    No math alphabet change to frozen version normal on input line 93.
LaTeX Font Info:    No math alphabet change to frozen version normal on input line 94.
LaTeX Font Info:    No math alphabet change to frozen version normal on input line 94.
LaTeX Font Info:    No math alphabet change to frozen version normal on input line 94.
LaTeX Font Info:    No math alphabet change to frozen version normal on input line 94.
LaTeX Font Info:    No math alphabet change to frozen version normal on input line 94.


[3]
LaTeX Font Info:    No math alphabet change to frozen version normal on input line 95.
LaTeX Font Info:    No math alphabet change to frozen version normal on input line 95.
LaTeX Font Info:    No math alphabet change to frozen version normal on input line 95.
LaTeX Font Info:    No math alphabet change to frozen version normal on input line 95.
LaTeX Font Info:    No math alphabet change to frozen version normal on input line 95.
LaTeX Font Info:    No math alphabet change to frozen version normal on input line 95.
LaTeX Font Info:    No math alphabet change to frozen version normal on input line 95.
LaTeX Font Info:    No math alphabet change to frozen version normal on input line 95.
LaTeX Font Info:    No math alphabet change to frozen version normal on input line 95.
LaTeX Font Info:    No math alphabet change to frozen version normal on input line 95.
LaTeX Font Info:    No math alphabet change to frozen version normal on input line 95.
LaTeX Font Info:    No math alphabet change to frozen version normal on input line 95.
LaTeX Font Info:    No math alphabet change to frozen version normal on input line 95.
LaTeX Font Info:    No math alphabet change to frozen version normal on input line 95.
LaTeX Font Info:    No math alphabet change to frozen version normal on input line 95.
LaTeX Font Info:    No math alphabet change to frozen version normal on input line 95.
LaTeX Font Info:    No math alphabet change to frozen version normal on input line 95.
LaTeX Font Info:    No math alphabet change to frozen version normal on input line 95.
LaTeX Font Info:    No math alphabet change to frozen version normal on input line 95.
LaTeX Font Info:    No math alphabet change to frozen version normal on input line 95.
LaTeX Font Info:    No math alphabet change to frozen version normal on input line 95.
LaTeX Font Info:    No math alphabet change to frozen version normal on input line 95.
LaTeX Font Info:    No math alphabet change to frozen version normal on input line 99.
LaTeX Font Info:    No math alphabet change to frozen version normal on input line 99.
LaTeX Font Info:    No math alphabet change to frozen version normal on input line 99.
LaTeX Font Info:    No math alphabet change to frozen version normal on input line 102.
LaTeX Font Info:    No math alphabet change to frozen version normal on input line 102.
LaTeX Font Info:    No math alphabet change to frozen version normal on input line 102.
LaTeX Font Info:    No math alphabet change to frozen version normal on input line 102.
LaTeX Font Info:    No math alphabet change to frozen version normal on input line 102.
LaTeX Font Info:    No math alphabet change to frozen version normal on input line 102.
LaTeX Font Info:    No math alphabet change to frozen version normal on input line 103.
LaTeX Font Info:    No math alphabet change to frozen version normal on input line 103.
LaTeX Font Info:    No math alphabet change to frozen version normal on input line 103.
LaTeX Font Info:    No math alphabet change to frozen version normal on input line 106.
LaTeX Font Info:    No math alphabet change to frozen version normal on input line 106.
LaTeX Font Info:    No math alphabet change to frozen version normal on input line 106.
LaTeX Font Info:    No math alphabet change to frozen version normal on input line 108.
LaTeX Font Info:    No math alphabet change to frozen version normal on input line 108.
LaTeX Font Info:    No math alphabet change to frozen version normal on input line 108.
LaTeX Font Info:    No math alphabet change to frozen version normal on input line 109.
LaTeX Font Info:    No math alphabet change to frozen version normal on input line 109.
LaTeX Font Info:    No math alphabet change to frozen version normal on input line 110.
LaTeX Font Info:    No math alphabet change to frozen version normal on input line 110.
LaTeX Font Info:    No math alphabet change to frozen version normal on input line 110.
LaTeX Font Info:    No math alphabet change to frozen version normal on input line 113.
LaTeX Font Info:    No math alphabet change to frozen version normal on input line 113.
LaTeX Font Info:    No math alphabet change to frozen version normal on input line 113.
LaTeX Font Info:    No math alphabet change to frozen version normal on input line 117.
LaTeX Font Info:    No math alphabet change to frozen version normal on input line 117.
LaTeX Font Info:    No math alphabet change to frozen version normal on input line 117.
LaTeX Font Info:    No math alphabet change to frozen version normal on input line 117.
LaTeX Font Info:    No math alphabet change to frozen version normal on input line 117.
LaTeX Font Info:    No math alphabet change to frozen version normal on input line 117.
LaTeX Font Info:    No math alphabet change to frozen version normal on input line 117.
LaTeX Font Info:    No math alphabet change to frozen version normal on input line 120.
LaTeX Font Info:    No math alphabet change to frozen version normal on input line 120.
LaTeX Font Info:    No math alphabet change to frozen version normal on input line 120.
LaTeX Font Info:    No math alphabet change to frozen version normal on input line 120.
LaTeX Font Info:    No math alphabet change to frozen version normal on input line 120.
LaTeX Font Info:    No math alphabet change to frozen version normal on input line 120.
LaTeX Font Info:    No math alphabet change to frozen version normal on input line 120.
LaTeX Font Info:    No math alphabet change to frozen version normal on input line 120.
LaTeX Font Info:    No math alphabet change to frozen version normal on input line 120.
LaTeX Font Info:    No math alphabet change to frozen version normal on input line 120.
LaTeX Font Info:    No math alphabet change to frozen version normal on input line 120.
LaTeX Font Info:    No math alphabet change to frozen version normal on input line 120.


[4]
LaTeX Font Info:    No math alphabet change to frozen version normal on input line 126.
LaTeX Font Info:    No math alphabet change to frozen version normal on input line 126.
LaTeX Font Info:    No math alphabet change to frozen version normal on input line 126.
LaTeX Font Info:    No math alphabet change to frozen version normal on input line 126.
LaTeX Font Info:    No math alphabet change to frozen version normal on input line 126.
LaTeX Font Info:    No math alphabet change to frozen version normal on input line 126.
LaTeX Font Info:    No math alphabet change to frozen version normal on input line 126.
LaTeX Font Info:    No math alphabet change to frozen version normal on input line 126.
LaTeX Font Info:    No math alphabet change to frozen version normal on input line 126.
LaTeX Font Info:    No math alphabet change to frozen version normal on input line 126.
LaTeX Font Info:    No math alphabet change to frozen version normal on input line 126.
LaTeX Font Info:    No math alphabet change to frozen version normal on input line 126.
LaTeX Font Info:    No math alphabet change to frozen version normal on input line 126.
LaTeX Font Info:    No math alphabet change to frozen version normal on input line 126.
LaTeX Font Info:    No math alphabet change to frozen version normal on input line 126.
LaTeX Font Info:    No math alphabet change to frozen version normal on input line 126.
LaTeX Font Info:    No math alphabet change to frozen version normal on input line 126.
LaTeX Font Info:    No math alphabet change to frozen version normal on input line 126.
LaTeX Font Info:    No math alphabet change to frozen version normal on input line 126.
LaTeX Font Info:    No math alphabet change to frozen version normal on input line 126.
LaTeX Font Info:    No math alphabet change to frozen version normal on input line 126.
LaTeX Font Info:    No math alphabet change to frozen version normal on input line 126.
LaTeX Font Info:    No math alphabet change to frozen version normal on input line 126.
LaTeX Font Info:    No math alphabet change to frozen version normal on input line 126.
LaTeX Font Info:    No math alphabet change to frozen version normal on input line 126.
LaTeX Font Info:    No math alphabet change to frozen version normal on input line 126.
LaTeX Font Info:    No math alphabet change to frozen version normal on input line 127.
LaTeX Font Info:    No math alphabet change to frozen version normal on input line 127.
LaTeX Font Info:    No math alphabet change to frozen version normal on input line 127.
LaTeX Font Info:    No math alphabet change to frozen version normal on input line 129.
LaTeX Font Info:    No math alphabet change to frozen version normal on input line 129.
LaTeX Font Info:    No math alphabet change to frozen version normal on input line 129.
LaTeX Font Info:    No math alphabet change to frozen version normal on input line 132.
LaTeX Font Info:    No math alphabet change to frozen version normal on input line 132.
LaTeX Font Info:    No math alphabet change to frozen version normal on input line 132.
LaTeX Font Info:    No math alphabet change to frozen version normal on input line 135.
LaTeX Font Info:    Undo math alphabet allocation in version normal on input line 141.
LaTeX Font Info:    No math alphabet change to frozen version normal on input line 141.
LaTeX Font Info:    Undo math alphabet allocation in version normal on input line 142.
LaTeX Font Info:    No math alphabet change to frozen version normal on input line 142.
LaTeX Font Info:    No math alphabet change to frozen version normal on input line 148.
LaTeX Font Info:    No math alphabet change to frozen version normal on input line 148.
LaTeX Font Info:    No math alphabet change to frozen version normal on input line 148.
LaTeX Font Info:    No math alphabet change to frozen version normal on input line 148.
LaTeX Font Info:    No math alphabet change to frozen version normal on input line 152.
LaTeX Font Info:    No math alphabet change to frozen version normal on input line 152.
LaTeX Font Info:    No math alphabet change to frozen version normal on input line 152.
LaTeX Font Info:    No math alphabet change to frozen version normal on input line 152.
LaTeX Font Info:    No math alphabet change to frozen version normal on input line 152.
LaTeX Font Info:    No math alphabet change to frozen version normal on input line 152.


LaTeX Warning: Citation `[10]' on page 5 undefined on input line 154.



[5]
LaTeX Font Info:    No math alphabet change to frozen version normal on input line 156.
LaTeX Font Info:    No math alphabet change to frozen version normal on input line 156.
LaTeX Font Info:    No math alphabet change to frozen version normal on input line 158.
LaTeX Font Info:    No math alphabet change to frozen version normal on input line 158.
LaTeX Font Info:    No math alphabet change to frozen version normal on input line 158.
LaTeX Font Info:    No math alphabet change to frozen version normal on input line 158.
LaTeX Font Info:    No math alphabet change to frozen version normal on input line 159.
LaTeX Font Info:    No math alphabet change to frozen version normal on input line 159.
LaTeX Font Info:    No math alphabet change to frozen version normal on input line 159.
LaTeX Font Info:    No math alphabet change to frozen version normal on input line 163.
LaTeX Font Info:    No math alphabet change to frozen version normal on input line 163.
LaTeX Font Info:    No math alphabet change to frozen version normal on input line 163.
LaTeX Font Info:    No math alphabet change to frozen version normal on input line 163.
LaTeX Font Info:    No math alphabet change to frozen version normal on input line 163.
LaTeX Font Info:    No math alphabet change to frozen version normal on input line 163.
LaTeX Font Info:    No math alphabet change to frozen version normal on input line 169.
LaTeX Font Info:    No math alphabet change to frozen version normal on input line 169.
LaTeX Font Info:    No math alphabet change to frozen version normal on input line 169.
LaTeX Font Info:    No math alphabet change to frozen version normal on input line 169.
LaTeX Font Info:    No math alphabet change to frozen version normal on input line 169.
LaTeX Font Info:    No math alphabet change to frozen version normal on input line 169.
LaTeX Font Info:    No math alphabet change to frozen version normal on input line 169.
LaTeX Font Info:    No math alphabet change to frozen version normal on input line 169.
LaTeX Font Info:    No math alphabet change to frozen version normal on input line 169.
LaTeX Font Info:    No math alphabet change to frozen version normal on input line 169.
LaTeX Font Info:    No math alphabet change to frozen version normal on input line 169.
LaTeX Font Info:    No math alphabet change to frozen version normal on input line 169.
LaTeX Font Info:    No math alphabet change to frozen version normal on input line 169.
LaTeX Font Info:    No math alphabet change to frozen version normal on input line 169.
LaTeX Font Info:    No math alphabet change to frozen version normal on input line 169.
LaTeX Font Info:    No math alphabet change to frozen version normal on input line 169.
LaTeX Font Info:    No math alphabet change to frozen version normal on input line 169.
LaTeX Font Info:    No math alphabet change to frozen version normal on input line 169.
LaTeX Font Info:    No math alphabet change to frozen version normal on input line 169.
LaTeX Font Info:    No math alphabet change to frozen version normal on input line 169.
LaTeX Font Info:    No math alphabet change to frozen version normal on input line 169.
LaTeX Font Info:    No math alphabet change to frozen version normal on input line 169.
LaTeX Font Info:    No math alphabet change to frozen version normal on input line 169.
LaTeX Font Info:    No math alphabet change to frozen version normal on input line 169.
LaTeX Font Info:    No math alphabet change to frozen version normal on input line 169.
LaTeX Font Info:    No math alphabet change to frozen version normal on input line 169.
LaTeX Font Info:    No math alphabet change to frozen version normal on input line 170.
LaTeX Font Info:    No math alphabet change to frozen version normal on input line 170.
LaTeX Font Info:    No math alphabet change to frozen version normal on input line 170.
LaTeX Font Info:    No math alphabet change to frozen version normal on input line 170.
LaTeX Font Info:    No math alphabet change to frozen version normal on input line 173.
LaTeX Font Info:    No math alphabet change to frozen version normal on input line 173.
LaTeX Font Info:    No math alphabet change to frozen version normal on input line 173.
LaTeX Font Info:    No math alphabet change to frozen version normal on input line 176.
LaTeX Font Info:    No math alphabet change to frozen version normal on input line 176.
LaTeX Font Info:    No math alphabet change to frozen version normal on input line 176.
LaTeX Font Info:    No math alphabet change to frozen version normal on input line 176.
LaTeX Font Info:    No math alphabet change to frozen version normal on input line 176.
LaTeX Font Info:    No math alphabet change to frozen version normal on input line 176.
LaTeX Font Info:    No math alphabet change to frozen version normal on input line 176.
LaTeX Font Info:    No math alphabet change to frozen version normal on input line 182.
LaTeX Font Info:    No math alphabet change to frozen version normal on input line 182.
LaTeX Font Info:    No math alphabet change to frozen version normal on input line 182.
LaTeX Font Info:    No math alphabet change to frozen version normal on input line 182.
LaTeX Font Info:    No math alphabet change to frozen version normal on input line 182.
LaTeX Font Info:    No math alphabet change to frozen version normal on input line 182.
LaTeX Font Info:    No math alphabet change to frozen version normal on input line 182.
LaTeX Font Info:    No math alphabet change to frozen version normal on input line 182.
LaTeX Font Info:    No math alphabet change to frozen version normal on input line 182.
LaTeX Font Info:    No math alphabet change to frozen version normal on input line 182.
LaTeX Font Info:    No math alphabet change to frozen version normal on input line 182.
LaTeX Font Info:    No math alphabet change to frozen version normal on input line 182.
LaTeX Font Info:    No math alphabet change to frozen version normal on input line 182.
LaTeX Font Info:    No math alphabet change to frozen version normal on input line 182.
LaTeX Font Info:    No math alphabet change to frozen version normal on input line 182.
LaTeX Font Info:    No math alphabet change to frozen version normal on input line 182.
LaTeX Font Info:    No math alphabet change to frozen version normal on input line 182.
LaTeX Font Info:    No math alphabet change to frozen version normal on input line 182.
LaTeX Font Info:    No math alphabet change to frozen version normal on input line 182.
LaTeX Font Info:    No math alphabet change to frozen version normal on input line 182.
LaTeX Font Info:    No math alphabet change to frozen version normal on input line 182.
LaTeX Font Info:    No math alphabet change to frozen version normal on input line 182.
LaTeX Font Info:    No math alphabet change to frozen version normal on input line 182.
LaTeX Font Info:    No math alphabet change to frozen version normal on input line 182.
LaTeX Font Info:    No math alphabet change to frozen version normal on input line 182.
LaTeX Font Info:    No math alphabet change to frozen version normal on input line 182.
LaTeX Font Info:    No math alphabet change to frozen version normal on input line 183.
LaTeX Font Info:    No math alphabet change to frozen version normal on input line 183.
LaTeX Font Info:    No math alphabet change to frozen version normal on input line 183.
LaTeX Font Info:    No math alphabet change to frozen version normal on input line 187.
LaTeX Font Info:    No math alphabet change to frozen version normal on input line 187.
LaTeX Font Info:    No math alphabet change to frozen version normal on input line 187.
LaTeX Font Info:    No math alphabet change to frozen version normal on input line 187.
LaTeX Font Info:    No math alphabet change to frozen version normal on input line 187.
LaTeX Font Info:    No math alphabet change to frozen version normal on input line 191.
LaTeX Font Info:    No math alphabet change to frozen version normal on input line 191.
LaTeX Font Info:    No math alphabet change to frozen version normal on input line 191.
LaTeX Font Info:    No math alphabet change to frozen version normal on input line 191.
LaTeX Font Info:    No math alphabet change to frozen version normal on input line 191.
LaTeX Font Info:    No math alphabet change to frozen version normal on input line 191.
LaTeX Font Info:    Undo math alphabet allocation in version normal on input line 191.
LaTeX Font Info:    No math alphabet change to frozen version normal on input line 191.
LaTeX Font Info:    No math alphabet change to frozen version normal on input line 191.
LaTeX Font Info:    No math alphabet change to frozen version normal on input line 191.
LaTeX Font Info:    No math alphabet change to frozen version normal on input line 191.


[6]
LaTeX Font Info:    No math alphabet change to frozen version normal on input line 194.
LaTeX Font Info:    No math alphabet change to frozen version normal on input line 194.
LaTeX Font Info:    No math alphabet change to frozen version normal on input line 194.
LaTeX Font Info:    No math alphabet change to frozen version normal on input line 194.
LaTeX Font Info:    No math alphabet change to frozen version normal on input line 194.
LaTeX Font Info:    No math alphabet change to frozen version normal on input line 194.
LaTeX Font Info:    No math alphabet change to frozen version normal on input line 195.
LaTeX Font Info:    No math alphabet change to frozen version normal on input line 195.
LaTeX Font Info:    No math alphabet change to frozen version normal on input line 195.
LaTeX Font Info:    No math alphabet change to frozen version normal on input line 195.
LaTeX Font Info:    No math alphabet change to frozen version normal on input line 195.
LaTeX Font Info:    No math alphabet change to frozen version normal on input line 195.
LaTeX Font Info:    No math alphabet change to frozen version normal on input line 195.
LaTeX Font Info:    No math alphabet change to frozen version normal on input line 195.
LaTeX Font Info:    No math alphabet change to frozen version normal on input line 195.
LaTeX Font Info:    No math alphabet change to frozen version normal on input line 195.
LaTeX Font Info:    No math alphabet change to frozen version normal on input line 195.
LaTeX Font Info:    No math alphabet change to frozen version normal on input line 195.
LaTeX Font Info:    No math alphabet change to frozen version normal on input line 195.
LaTeX Font Info:    No math alphabet change to frozen version normal on input line 195.
LaTeX Font Info:    No math alphabet change to frozen version normal on input line 195.
LaTeX Font Info:    No math alphabet change to frozen version normal on input line 195.
LaTeX Font Info:    Undo math alphabet allocation in version normal on input line 195.
LaTeX Font Info:    Undo math alphabet allocation in version normal on input line 195.
LaTeX Font Info:    No math alphabet change to frozen version normal on input line 195.
LaTeX Font Info:    No math alphabet change to frozen version normal on input line 199.
LaTeX Font Info:    Undo math alphabet allocation in version normal on input line 199.
LaTeX Font Info:    No math alphabet change to frozen version normal on input line 199.
LaTeX Font Info:    No math alphabet change to frozen version normal on input line 201.
LaTeX Font Info:    No math alphabet change to frozen version normal on input line 201.
LaTeX Font Info:    No math alphabet change to frozen version normal on input line 201.
LaTeX Font Info:    No math alphabet change to frozen version normal on input line 201.
LaTeX Font Info:    No math alphabet change to frozen version normal on input line 201.
LaTeX Font Info:    No math alphabet change to frozen version normal on input line 201.
LaTeX Font Info:    No math alphabet change to frozen version normal on input line 204.
LaTeX Font Info:    No math alphabet change to frozen version normal on input line 204.
LaTeX Font Info:    No math alphabet change to frozen version normal on input line 204.
LaTeX Font Info:    No math alphabet change to frozen version normal on input line 204.
LaTeX Font Info:    No math alphabet change to frozen version normal on input line 204.
LaTeX Font Info:    No math alphabet change to frozen version normal on input line 204.
LaTeX Font Info:    No math alphabet change to frozen version normal on input line 210.
LaTeX Font Info:    No math alphabet change to frozen version normal on input line 210.
LaTeX Font Info:    No math alphabet change to frozen version normal on input line 210.
LaTeX Font Info:    No math alphabet change to frozen version normal on input line 210.
LaTeX Font Info:    No math alphabet change to frozen version normal on input line 210.
LaTeX Font Info:    No math alphabet change to frozen version normal on input line 210.
LaTeX Font Info:    No math alphabet change to frozen version normal on input line 210.
LaTeX Font Info:    No math alphabet change to frozen version normal on input line 210.
LaTeX Font Info:    No math alphabet change to frozen version normal on input line 210.
LaTeX Font Info:    No math alphabet change to frozen version normal on input line 210.
LaTeX Font Info:    No math alphabet change to frozen version normal on input line 210.
LaTeX Font Info:    No math alphabet change to frozen version normal on input line 210.
LaTeX Font Info:    No math alphabet change to frozen version normal on input line 210.
LaTeX Font Info:    No math alphabet change to frozen version normal on input line 210.
LaTeX Font Info:    No math alphabet change to frozen version normal on input line 210.
LaTeX Font Info:    No math alphabet change to frozen version normal on input line 210.
LaTeX Font Info:    No math alphabet change to frozen version normal on input line 210.
LaTeX Font Info:    No math alphabet change to frozen version normal on input line 210.
LaTeX Font Info:    No math alphabet change to frozen version normal on input line 210.
LaTeX Font Info:    No math alphabet change to frozen version normal on input line 210.
LaTeX Font Info:    No math alphabet change to frozen version normal on input line 210.
LaTeX Font Info:    No math alphabet change to frozen version normal on input line 210.
LaTeX Font Info:    No math alphabet change to frozen version normal on input line 210.
LaTeX Font Info:    No math alphabet change to frozen version normal on input line 210.
LaTeX Font Info:    No math alphabet change to frozen version normal on input line 210.
LaTeX Font Info:    No math alphabet change to frozen version normal on input line 210.
LaTeX Font Info:    No math alphabet change to frozen version normal on input line 211.
LaTeX Font Info:    No math alphabet change to frozen version normal on input line 211.
LaTeX Font Info:    No math alphabet change to frozen version normal on input line 211.
LaTeX Font Info:    No math alphabet change to frozen version normal on input line 211.
LaTeX Font Info:    No math alphabet change to frozen version normal on input line 215.
LaTeX Font Info:    No math alphabet change to frozen version normal on input line 215.
LaTeX Font Info:    No math alphabet change to frozen version normal on input line 215.
LaTeX Font Info:    No math alphabet change to frozen version normal on input line 215.
LaTeX Font Info:    No math alphabet change to frozen version normal on input line 215.
LaTeX Font Info:    No math alphabet change to frozen version normal on input line 215.
LaTeX Font Info:    No math alphabet change to frozen version normal on input line 215.
LaTeX Font Info:    No math alphabet change to frozen version normal on input line 215.
LaTeX Font Info:    No math alphabet change to frozen version normal on input line 215.
LaTeX Font Info:    No math alphabet change to frozen version normal on input line 215.
LaTeX Font Info:    No math alphabet change to frozen version normal on input line 215.
LaTeX Font Info:    No math alphabet change to frozen version normal on input line 215.
LaTeX Font Info:    No math alphabet change to frozen version normal on input line 216.
LaTeX Font Info:    No math alphabet change to frozen version normal on input line 216.
LaTeX Font Info:    No math alphabet change to frozen version normal on input line 216.
LaTeX Font Info:    No math alphabet change to frozen version normal on input line 216.
LaTeX Font Info:    No math alphabet change to frozen version normal on input line 216.
LaTeX Font Info:    No math alphabet change to frozen version normal on input line 216.
LaTeX Font Info:    No math alphabet change to frozen version normal on input line 216.


[7]
LaTeX Font Info:    No math alphabet change to frozen version normal on input line 218.
LaTeX Font Info:    No math alphabet change to frozen version normal on input line 218.
LaTeX Font Info:    No math alphabet change to frozen version normal on input line 218.
LaTeX Font Info:    No math alphabet change to frozen version normal on input line 218.
LaTeX Font Info:    No math alphabet change to frozen version normal on input line 218.
LaTeX Font Info:    No math alphabet change to frozen version normal on input line 218.
LaTeX Font Info:    No math alphabet change to frozen version normal on input line 221.
LaTeX Font Info:    No math alphabet change to frozen version normal on input line 221.
LaTeX Font Info:    No math alphabet change to frozen version normal on input line 221.
LaTeX Font Info:    No math alphabet change to frozen version normal on input line 221.
LaTeX Font Info:    No math alphabet change to frozen version normal on input line 221.
LaTeX Font Info:    No math alphabet change to frozen version normal on input line 221.
LaTeX Font Info:    No math alphabet change to frozen version normal on input line 222.
LaTeX Font Info:    No math alphabet change to frozen version normal on input line 222.
LaTeX Font Info:    No math alphabet change to frozen version normal on input line 222.
LaTeX Font Info:    No math alphabet change to frozen version normal on input line 227.
LaTeX Font Info:    No math alphabet change to frozen version normal on input line 227.
LaTeX Font Info:    No math alphabet change to frozen version normal on input line 227.
LaTeX Font Info:    No math alphabet change to frozen version normal on input line 227.
LaTeX Font Info:    No math alphabet change to frozen version normal on input line 227.
LaTeX Font Info:    No math alphabet change to frozen version normal on input line 230.
LaTeX Font Info:    No math alphabet change to frozen version normal on input line 230.
LaTeX Font Info:    No math alphabet change to frozen version normal on input line 230.
LaTeX Font Info:    No math alphabet change to frozen version normal on input line 230.
LaTeX Font Info:    No math alphabet change to frozen version normal on input line 230.
LaTeX Font Info:    No math alphabet change to frozen version normal on input line 230.
LaTeX Font Info:    No math alphabet change to frozen version normal on input line 233.
LaTeX Font Info:    No math alphabet change to frozen version normal on input line 233.
LaTeX Font Info:    No math alphabet change to frozen version normal on input line 235.
LaTeX Font Info:    No math alphabet change to frozen version normal on input line 235.
LaTeX Font Info:    No math alphabet change to frozen version normal on input line 235.
LaTeX Font Info:    No math alphabet change to frozen version normal on input line 235.
LaTeX Font Info:    No math alphabet change to frozen version normal on input line 235.
LaTeX Font Info:    No math alphabet change to frozen version normal on input line 235.


LaTeX Warning: Citation `TODO' on page 8 undefined on input line 237.

LaTeX Font Info:    No math alphabet change to frozen version normal on input line 239.
LaTeX Font Info:    No math alphabet change to frozen version normal on input line 239.
LaTeX Font Info:    No math alphabet change to frozen version normal on input line 239.
LaTeX Font Info:    No math alphabet change to frozen version normal on input line 239.
LaTeX Font Info:    No math alphabet change to frozen version normal on input line 242.
LaTeX Font Info:    No math alphabet change to frozen version normal on input line 242.
LaTeX Font Info:    No math alphabet change to frozen version normal on input line 242.
LaTeX Font Info:    No math alphabet change to frozen version normal on input line 245.
LaTeX Font Info:    No math alphabet change to frozen version normal on input line 245.
LaTeX Font Info:    No math alphabet change to frozen version normal on input line 245.
LaTeX Font Info:    No math alphabet change to frozen version normal on input line 245.
LaTeX Font Info:    No math alphabet change to frozen version normal on input line 245.
LaTeX Font Info:    No math alphabet change to frozen version normal on input line 245.
LaTeX Font Info:    No math alphabet change to frozen version normal on input line 246.

./chapter_Wang.tex:249: LaTeX Error: Environment proposition undefined.

See the LaTeX manual or LaTeX Companion for explanation.
Type  H <return>  for immediate help.
 ...                                              
                                                  
l.249 \begin{proposition}
                          \label{prop:local_control_id}
Your command was ignored.
Type  I <command> <return>  to replace it with another command,
or  <return>  to continue without it.

LaTeX Font Info:    No math alphabet change to frozen version normal on input line 250.
LaTeX Font Info:    No math alphabet change to frozen version normal on input line 250.
LaTeX Font Info:    No math alphabet change to frozen version normal on input line 250.
LaTeX Font Info:    No math alphabet change to frozen version normal on input line 250.
LaTeX Font Info:    No math alphabet change to frozen version normal on input line 250.

./chapter_Wang.tex:251: LaTeX Error: \begin{document} ended by \end{proposition}.

See the LaTeX manual or LaTeX Companion for explanation.
Type  H <return>  for immediate help.
 ...                                              
                                                  
l.251 \end{proposition}
                       
Your command was ignored.
Type  I <command> <return>  to replace it with another command,
or  <return>  to continue without it.



[8]
LaTeX Font Info:    No math alphabet change to frozen version normal on input line 253.
LaTeX Font Info:    No math alphabet change to frozen version normal on input line 253.
LaTeX Font Info:    No math alphabet change to frozen version normal on input line 255.
LaTeX Font Info:    No math alphabet change to frozen version normal on input line 255.
LaTeX Font Info:    No math alphabet change to frozen version normal on input line 255.
LaTeX Font Info:    No math alphabet change to frozen version normal on input line 255.
LaTeX Font Info:    No math alphabet change to frozen version normal on input line 255.
LaTeX Font Info:    No math alphabet change to frozen version normal on input line 255.
LaTeX Font Info:    No math alphabet change to frozen version normal on input line 255.
LaTeX Font Info:    No math alphabet change to frozen version normal on input line 255.
LaTeX Font Info:    No math alphabet change to frozen version normal on input line 255.
LaTeX Font Info:    No math alphabet change to frozen version normal on input line 255.
LaTeX Font Info:    No math alphabet change to frozen version normal on input line 255.
LaTeX Font Info:    No math alphabet change to frozen version normal on input line 257.
LaTeX Font Info:    No math alphabet change to frozen version normal on input line 257.
LaTeX Font Info:    No math alphabet change to frozen version normal on input line 257.
LaTeX Font Info:    No math alphabet change to frozen version normal on input line 259.
LaTeX Font Info:    No math alphabet change to frozen version normal on input line 261.
LaTeX Font Info:    No math alphabet change to frozen version normal on input line 261.
LaTeX Font Info:    No math alphabet change to frozen version normal on input line 261.
LaTeX Font Info:    No math alphabet change to frozen version normal on input line 261.
LaTeX Font Info:    No math alphabet change to frozen version normal on input line 261.
LaTeX Font Info:    No math alphabet change to frozen version normal on input line 264.
LaTeX Font Info:    No math alphabet change to frozen version normal on input line 264.
LaTeX Font Info:    No math alphabet change to frozen version normal on input line 264.
LaTeX Font Info:    No math alphabet change to frozen version normal on input line 264.
LaTeX Font Info:    No math alphabet change to frozen version normal on input line 264.
LaTeX Font Info:    No math alphabet change to frozen version normal on input line 264.
LaTeX Font Info:    No math alphabet change to frozen version normal on input line 264.
LaTeX Font Info:    No math alphabet change to frozen version normal on input line 264.
LaTeX Font Info:    No math alphabet change to frozen version normal on input line 264.
LaTeX Font Info:    No math alphabet change to frozen version normal on input line 264.
LaTeX Font Info:    No math alphabet change to frozen version normal on input line 264.
LaTeX Font Info:    No math alphabet change to frozen version normal on input line 264.
LaTeX Font Info:    No math alphabet change to frozen version normal on input line 264.
LaTeX Font Info:    No math alphabet change to frozen version normal on input line 264.
LaTeX Font Info:    No math alphabet change to frozen version normal on input line 264.
LaTeX Font Info:    No math alphabet change to frozen version normal on input line 264.
LaTeX Font Info:    No math alphabet change to frozen version normal on input line 264.
LaTeX Font Info:    No math alphabet change to frozen version normal on input line 264.
LaTeX Font Info:    No math alphabet change to frozen version normal on input line 264.
LaTeX Font Info:    No math alphabet change to frozen version normal on input line 269.
LaTeX Font Info:    No math alphabet change to frozen version normal on input line 269.
LaTeX Font Info:    No math alphabet change to frozen version normal on input line 269.
LaTeX Font Info:    No math alphabet change to frozen version normal on input line 271.
LaTeX Font Info:    No math alphabet change to frozen version normal on input line 272.
LaTeX Font Info:    No math alphabet change to frozen version normal on input line 272.
LaTeX Font Info:    No math alphabet change to frozen version normal on input line 276.
LaTeX Font Info:    No math alphabet change to frozen version normal on input line 276.
LaTeX Font Info:    No math alphabet change to frozen version normal on input line 276.
LaTeX Font Info:    No math alphabet change to frozen version normal on input line 276.
LaTeX Font Info:    No math alphabet change to frozen version normal on input line 276.
LaTeX Font Info:    No math alphabet change to frozen version normal on input line 276.
LaTeX Font Info:    No math alphabet change to frozen version normal on input line 278.
LaTeX Font Info:    No math alphabet change to frozen version normal on input line 278.
LaTeX Font Info:    No math alphabet change to frozen version normal on input line 278.
LaTeX Font Info:    No math alphabet change to frozen version normal on input line 278.
LaTeX Font Info:    No math alphabet change to frozen version normal on input line 278.
LaTeX Font Info:    No math alphabet change to frozen version normal on input line 278.
LaTeX Font Info:    No math alphabet change to frozen version normal on input line 278.
LaTeX Font Info:    No math alphabet change to frozen version normal on input line 278.


[9]
LaTeX Font Info:    No math alphabet change to frozen version normal on input line 281.
LaTeX Font Info:    No math alphabet change to frozen version normal on input line 281.
LaTeX Font Info:    No math alphabet change to frozen version normal on input line 281.
LaTeX Font Info:    No math alphabet change to frozen version normal on input line 281.
LaTeX Font Info:    No math alphabet change to frozen version normal on input line 281.
LaTeX Font Info:    No math alphabet change to frozen version normal on input line 281.
LaTeX Font Info:    No math alphabet change to frozen version normal on input line 282.
LaTeX Font Info:    No math alphabet change to frozen version normal on input line 282.
LaTeX Font Info:    No math alphabet change to frozen version normal on input line 282.
LaTeX Font Info:    No math alphabet change to frozen version normal on input line 282.
LaTeX Font Info:    No math alphabet change to frozen version normal on input line 282.
LaTeX Font Info:    No math alphabet change to frozen version normal on input line 282.
LaTeX Font Info:    No math alphabet change to frozen version normal on input line 282.
LaTeX Font Info:    No math alphabet change to frozen version normal on input line 282.
LaTeX Font Info:    No math alphabet change to frozen version normal on input line 284.
LaTeX Font Info:    No math alphabet change to frozen version normal on input line 284.
LaTeX Font Info:    No math alphabet change to frozen version normal on input line 284.
LaTeX Font Info:    No math alphabet change to frozen version normal on input line 284.
LaTeX Font Info:    No math alphabet change to frozen version normal on input line 284.
LaTeX Font Info:    No math alphabet change to frozen version normal on input line 284.
LaTeX Font Info:    No math alphabet change to frozen version normal on input line 287.
LaTeX Font Info:    No math alphabet change to frozen version normal on input line 287.
LaTeX Font Info:    No math alphabet change to frozen version normal on input line 287.
LaTeX Font Info:    No math alphabet change to frozen version normal on input line 287.
LaTeX Font Info:    No math alphabet change to frozen version normal on input line 287.
LaTeX Font Info:    No math alphabet change to frozen version normal on input line 287.
LaTeX Font Info:    No math alphabet change to frozen version normal on input line 287.
LaTeX Font Info:    No math alphabet change to frozen version normal on input line 287.
LaTeX Font Info:    No math alphabet change to frozen version normal on input line 293.
LaTeX Font Info:    No math alphabet change to frozen version normal on input line 293.
LaTeX Font Info:    Undo math alphabet allocation in version normal on input line 293.
LaTeX Font Info:    No math alphabet change to frozen version normal on input line 293.
LaTeX Font Info:    No math alphabet change to frozen version normal on input line 296.
LaTeX Font Info:    Undo math alphabet allocation in version normal on input line 296.
LaTeX Font Info:    No math alphabet change to frozen version normal on input line 296.
LaTeX Font Info:    Undo math alphabet allocation in version normal on input line 296.
LaTeX Font Info:    No math alphabet change to frozen version normal on input line 296.
LaTeX Font Info:    No math alphabet change to frozen version normal on input line 299.
LaTeX Font Info:    No math alphabet change to frozen version normal on input line 307.
LaTeX Font Info:    No math alphabet change to frozen version normal on input line 307.
LaTeX Font Info:    No math alphabet change to frozen version normal on input line 307.
LaTeX Font Info:    No math alphabet change to frozen version normal on input line 307.
LaTeX Font Info:    No math alphabet change to frozen version normal on input line 307.
LaTeX Font Info:    No math alphabet change to frozen version normal on input line 307.
LaTeX Font Info:    No math alphabet change to frozen version normal on input line 307.
LaTeX Font Info:    No math alphabet change to frozen version normal on input line 307.
LaTeX Font Info:    No math alphabet change to frozen version normal on input line 307.
LaTeX Font Info:    No math alphabet change to frozen version normal on input line 310.
LaTeX Font Info:    No math alphabet change to frozen version normal on input line 310.
LaTeX Font Info:    No math alphabet change to frozen version normal on input line 310.
LaTeX Font Info:    No math alphabet change to frozen version normal on input line 310.
LaTeX Font Info:    No math alphabet change to frozen version normal on input line 310.


[10]
LaTeX Font Info:    No math alphabet change to frozen version normal on input line 310.
LaTeX Font Info:    No math alphabet change to frozen version normal on input line 312.
LaTeX Font Info:    No math alphabet change to frozen version normal on input line 312.
LaTeX Font Info:    No math alphabet change to frozen version normal on input line 312.
LaTeX Font Info:    No math alphabet change to frozen version normal on input line 312.
LaTeX Font Info:    No math alphabet change to frozen version normal on input line 312.
LaTeX Font Info:    No math alphabet change to frozen version normal on input line 314.

./chapter_Wang.tex:314: Undefined control sequence.
l.314 ...semidirect product  $ \rr^{n} \rtimes \SO
                                                  (n)$, where $ \rr^{n}$ is ...
The control sequence at the end of the top line
of your error message was never \def'ed. If you have
misspelled it (e.g., `\hobx'), type `I' and the correct
spelling (e.g., `I\hbox'). Otherwise just continue,
and I'll forget about whatever was undefined.

LaTeX Font Info:    No math alphabet change to frozen version normal on input line 314.
LaTeX Font Info:    No math alphabet change to frozen version normal on input line 314.
LaTeX Font Info:    No math alphabet change to frozen version normal on input line 314.
LaTeX Font Info:    No math alphabet change to frozen version normal on input line 314.
LaTeX Font Info:    No math alphabet change to frozen version normal on input line 314.
LaTeX Font Info:    No math alphabet change to frozen version normal on input line 314.
LaTeX Font Info:    No math alphabet change to frozen version normal on input line 317.
LaTeX Font Info:    No math alphabet change to frozen version normal on input line 317.
LaTeX Font Info:    No math alphabet change to frozen version normal on input line 317.
LaTeX Font Info:    No math alphabet change to frozen version normal on input line 317.
LaTeX Font Info:    No math alphabet change to frozen version normal on input line 317.
LaTeX Font Info:    No math alphabet change to frozen version normal on input line 317.
LaTeX Font Info:    No math alphabet change to frozen version normal on input line 318.
LaTeX Font Info:    No math alphabet change to frozen version normal on input line 318.
LaTeX Font Info:    No math alphabet change to frozen version normal on input line 318.
LaTeX Font Info:    No math alphabet change to frozen version normal on input line 318.
LaTeX Font Info:    No math alphabet change to frozen version normal on input line 318.
LaTeX Font Info:    No math alphabet change to frozen version normal on input line 318.
LaTeX Font Info:    No math alphabet change to frozen version normal on input line 318.
LaTeX Font Info:    No math alphabet change to frozen version normal on input line 320.
LaTeX Font Info:    No math alphabet change to frozen version normal on input line 320.
LaTeX Font Info:    No math alphabet change to frozen version normal on input line 325.
LaTeX Font Info:    No math alphabet change to frozen version normal on input line 325.
LaTeX Font Info:    Undo math alphabet allocation in version normal on input line 325.
LaTeX Font Info:    No math alphabet change to frozen version normal on input line 325.
LaTeX Font Info:    No math alphabet change to frozen version normal on input line 328.
LaTeX Font Info:    No math alphabet change to frozen version normal on input line 328.
LaTeX Font Info:    No math alphabet change to frozen version normal on input line 332.
LaTeX Font Info:    No math alphabet change to frozen version normal on input line 332.
LaTeX Font Info:    No math alphabet change to frozen version normal on input line 332.
LaTeX Font Info:    No math alphabet change to frozen version normal on input line 332.
LaTeX Font Info:    No math alphabet change to frozen version normal on input line 332.
LaTeX Font Info:    No math alphabet change to frozen version normal on input line 332.
LaTeX Font Info:    No math alphabet change to frozen version normal on input line 332.
LaTeX Font Info:    No math alphabet change to frozen version normal on input line 332.
LaTeX Font Info:    No math alphabet change to frozen version normal on input line 332.
LaTeX Font Info:    No math alphabet change to frozen version normal on input line 332.
LaTeX Font Info:    Undo math alphabet allocation in version normal on input line 332.

LaTeX Warning: Citation `' on page 11 undefined on input line 334.

LaTeX Font Info:    No math alphabet change to frozen version normal on input line 334.
LaTeX Font Info:    No math alphabet change to frozen version normal on input line 334.
LaTeX Font Info:    Undo math alphabet allocation in version normal on input line 336.

LaTeX Warning: Reference `fact:' on page 1 undefined on input line 336.

LaTeX Font Info:    No math alphabet change to frozen version normal on input line 336.

LaTeX Warning: Reference `prop:' on page 1 undefined on input line 336.

LaTeX Font Info:    No math alphabet change to frozen version normal on input line 336.
LaTeX Font Info:    No math alphabet change to frozen version normal on input line 336.
LaTeX Font Info:    No math alphabet change to frozen version normal on input line 336.
LaTeX Font Info:    No math alphabet change to frozen version normal on input line 336.
LaTeX Font Info:    No math alphabet change to frozen version normal on input line 336.
LaTeX Font Info:    No math alphabet change to frozen version normal on input line 336.
LaTeX Font Info:    No math alphabet change to frozen version normal on input line 336.
LaTeX Font Info:    No math alphabet change to frozen version normal on input line 336.
LaTeX Font Info:    No math alphabet change to frozen version normal on input line 336.
LaTeX Font Info:    No math alphabet change to frozen version normal on input line 336.


[11]
LaTeX Font Info:    No math alphabet change to frozen version normal on input line 338.
LaTeX Font Info:    No math alphabet change to frozen version normal on input line 338.
LaTeX Font Info:    No math alphabet change to frozen version normal on input line 338.
LaTeX Font Info:    No math alphabet change to frozen version normal on input line 338.
LaTeX Font Info:    No math alphabet change to frozen version normal on input line 338.
LaTeX Font Info:    No math alphabet change to frozen version normal on input line 338.
LaTeX Font Info:    No math alphabet change to frozen version normal on input line 338.
LaTeX Font Info:    No math alphabet change to frozen version normal on input line 338.
LaTeX Font Info:    No math alphabet change to frozen version normal on input line 338.
LaTeX Font Info:    No math alphabet change to frozen version normal on input line 338.
LaTeX Font Info:    No math alphabet change to frozen version normal on input line 338.
LaTeX Font Info:    No math alphabet change to frozen version normal on input line 338.
LaTeX Font Info:    No math alphabet change to frozen version normal on input line 338.
LaTeX Font Info:    No math alphabet change to frozen version normal on input line 343.
LaTeX Font Info:    No math alphabet change to frozen version normal on input line 343.
LaTeX Font Info:    No math alphabet change to frozen version normal on input line 343.
LaTeX Font Info:    No math alphabet change to frozen version normal on input line 343.
LaTeX Font Info:    No math alphabet change to frozen version normal on input line 343.
LaTeX Font Info:    No math alphabet change to frozen version normal on input line 343.
LaTeX Font Info:    No math alphabet change to frozen version normal on input line 343.
LaTeX Font Info:    No math alphabet change to frozen version normal on input line 343.
LaTeX Font Info:    No math alphabet change to frozen version normal on input line 343.
LaTeX Font Info:    No math alphabet change to frozen version normal on input line 343.
LaTeX Font Info:    No math alphabet change to frozen version normal on input line 343.
LaTeX Font Info:    No math alphabet change to frozen version normal on input line 343.
LaTeX Font Info:    No math alphabet change to frozen version normal on input line 343.
LaTeX Font Info:    No math alphabet change to frozen version normal on input line 343.
LaTeX Font Info:    No math alphabet change to frozen version normal on input line 343.
LaTeX Font Info:    No math alphabet change to frozen version normal on input line 343.
LaTeX Font Info:    No math alphabet change to frozen version normal on input line 344.
LaTeX Font Info:    No math alphabet change to frozen version normal on input line 344.
LaTeX Font Info:    No math alphabet change to frozen version normal on input line 344.
LaTeX Font Info:    No math alphabet change to frozen version normal on input line 344.
LaTeX Font Info:    No math alphabet change to frozen version normal on input line 344.
LaTeX Font Info:    No math alphabet change to frozen version normal on input line 344.
LaTeX Font Info:    No math alphabet change to frozen version normal on input line 344.
LaTeX Font Info:    No math alphabet change to frozen version normal on input line 344.
LaTeX Font Info:    No math alphabet change to frozen version normal on input line 344.
LaTeX Font Info:    No math alphabet change to frozen version normal on input line 344.
LaTeX Font Info:    No math alphabet change to frozen version normal on input line 344.


[12] (./chapter_Wang.aux)
 ***********
LaTeX2e <2024-11-01> patch level 1
L3 programming layer <2024-12-09>
 ***********


LaTeX Font Warning: Some font shapes were not available, defaults substituted.


LaTeX Warning: There were undefined references.

Package rerunfilecheck Info: File `chapter_Wang.out' has not changed.
(rerunfilecheck)             Checksum: 219888C04C49993EB977906525A9DAC7;457.
 ) 
Here is how much of TeX's memory you used:
 23647 strings out of 473254
 453133 string characters out of 5717961
 848897 words of memory out of 5000000
 46358 multiletter control sequences out of 15000+600000
 645706 words of font info for 122 fonts, out of 8000000 for 9000
 1141 hyphenation exceptions out of 8191
 129i,14n,134p,1000b,1242s stack positions out of 10000i,1000n,20000p,200000b,200000s
</usr/local/texlive/2024/texmf-dist/fonts/type1/public/amsfonts/euler/eufm10.pfb></usr/local/texlive/2024/texmf-dist/fonts/type1/public/lm/lmbx12.pfb></usr/local/texlive/2024/texmf-dist/fonts/type1/public/lm/lmex10.pfb></usr/local/texlive/2024/texmf-dist/fonts/type1/public/lm/lmmi12.pfb></usr/local/texlive/2024/texmf-dist/fonts/type1/public/lm/lmmi6.pfb></usr/local/texlive/2024/texmf-dist/fonts/type1/public/lm/lmmi8.pfb></usr/local/texlive/2024/texmf-dist/fonts/type1/public/lm/lmr10.pfb></usr/local/texlive/2024/texmf-dist/fonts/type1/public/lm/lmr12.pfb></usr/local/texlive/2024/texmf-dist/fonts/type1/public/lm/lmr6.pfb></usr/local/texlive/2024/texmf-dist/fonts/type1/public/lm/lmr7.pfb></usr/local/texlive/2024/texmf-dist/fonts/type1/public/lm/lmr8.pfb></usr/local/texlive/2024/texmf-dist/fonts/type1/public/lm/lmri12.pfb></usr/local/texlive/2024/texmf-dist/fonts/type1/public/lm/lmss12.pfb></usr/local/texlive/2024/texmf-dist/fonts/type1/public/lm/lmsy10.pfb></usr/local/texlive/2024/texmf-dist/fonts/type1/public/lm/lmsy8.pfb></usr/local/texlive/2024/texmf-dist/fonts/type1/public/amsfonts/symbols/msbm10.pfb>
Output written on chapter_Wang.pdf (12 pages, 284530 bytes).
PDF statistics:
 255 PDF objects out of 1000 (max. 8388607)
 203 compressed objects within 3 object streams
 67 named destinations out of 1000 (max. 500000)
 25 words of extra memory for PDF output out of 10000 (max. 10000000)

